#
# A fatal error has been detected by the Java Runtime Environment:
#
#  EXCEPTION_ACCESS_VIOLATION (0xc0000005) at pc=0x000000005c1fc750, pid=1804, tid=2632
#
# JRE version: 6.0_17-b04
# Java VM: Java HotSpot(TM) 64-Bit Server VM (14.3-b01 mixed mode windows-amd64 )
# Problematic frame:
# C  0x000000005c1fc750
#
# If you would like to submit a bug report, please visit:
#   http://java.sun.com/webapps/bugreport/crash.jsp
# The crash happened outside the Java Virtual Machine in native code.
# See problematic frame for where to report the bug.
#

---------------  T H R E A D  ---------------

Current thread (0x000000005dc1a000):  JavaThread "AWT-EventQueue-0" [_thread_in_native, id=2632, stack(0x00000000a7ff0000,0x00000000abff0000)]

siginfo: ExceptionCode=0xc0000005, reading address 0x0000000000000008

Registers:
EAX=0x000000000000000d, EBX=0x000000005dc1a1b8, ECX=0x0000000000000000, EDX=0x0000000005011912
ESP=0x00000000abfee198, EBP=0x0000000076506510, ESI=0x000000005dc1a1b8, EDI=0x000000005c40bdf0
EIP=0x000000005c1fc750, EFLAGS=0x0000000000010206

Top of Stack: (sp=0x00000000abfee198)
0x00000000abfee198:   000000005c1a589c 000000005dc1a1b8
0x00000000abfee1a8:   0000000076506510 000000005dc1a1b8
0x00000000abfee1b8:   000000005c40bdf0 0000000000000000
0x00000000abfee1c8:   000000005dc1a1b8 0000000033f86190
0x00000000abfee1d8:   000000005c183810 000000005dc1a1b8
0x00000000abfee1e8:   00000000abfee8b0 00000000abfee928
0x00000000abfee1f8:   0000000076506510 00000000abfee260
0x00000000abfee208:   000000005c1a2151 0000000030925ac2
0x00000000abfee218:   00000000abfee920 0000000000000000
0x00000000abfee228:   00000000abfee928 00000000abfee270
0x00000000abfee238:   000000003413ac38 0000000037d4ed58
0x00000000abfee248:   000000003411e7f0 0000000000000000
0x00000000abfee258:   00000000abfee270 00000000abfee2b8
0x00000000abfee268:   0000000030925ac2 000000003e899e50
0x00000000abfee278:   00000000abfee278 0000000033ddca68
0x00000000abfee288:   00000000abfee348 0000000033e28b10 

Instructions: (pc=0x000000005c1fc750)
0x000000005c1fc740:   48 8b 41 08 48 8b 80 18 0c 00 00 c3 cc cc cc cc
0x000000005c1fc750:   48 8b 49 08 48 85 c9 74 05 e9 72 f6 fd ff 33 c0 


Stack: [0x00000000a7ff0000,0x00000000abff0000],  sp=0x00000000abfee198,  free space=65528k
Native frames: (J=compiled Java code, j=interpreted, Vv=VM code, C=native code)
C  0x000000005c1fc750

Java frames: (J=compiled Java code, j=interpreted, Vv=VM code)
j  sun.java2d.windows.GDIBlitLoops.nativeBlit(Lsun/java2d/SurfaceData;Lsun/java2d/SurfaceData;Lsun/java2d/pipe/Region;IIIIIIIIIZ)V+0
j  sun.java2d.windows.GDIBlitLoops.Blit(Lsun/java2d/SurfaceData;Lsun/java2d/SurfaceData;Ljava/awt/Composite;Lsun/java2d/pipe/Region;IIIIII)V+33
j  sun.java2d.pipe.DrawImage.blitSurfaceData(Lsun/java2d/SunGraphics2D;Lsun/java2d/pipe/Region;Lsun/java2d/SurfaceData;Lsun/java2d/SurfaceData;Lsun/java2d/loops/SurfaceType;Lsun/java2d/loops/SurfaceType;IIIIIILjava/awt/Color;)V+97
j  sun.java2d.pipe.DrawImage.renderImageCopy(Lsun/java2d/SunGraphics2D;Ljava/awt/Image;Ljava/awt/Color;IIIIII)Z+75
j  sun.java2d.pipe.DrawImage.copyImage(Lsun/java2d/SunGraphics2D;Ljava/awt/Image;IILjava/awt/Color;)Z+45
j  sun.java2d.pipe.DrawImage.copyImage(Lsun/java2d/SunGraphics2D;Ljava/awt/Image;IILjava/awt/Color;Ljava/awt/image/ImageObserver;)Z+15
j  sun.java2d.pipe.ValidatePipe.copyImage(Lsun/java2d/SunGraphics2D;Ljava/awt/Image;IILjava/awt/Color;Ljava/awt/image/ImageObserver;)Z+21
j  sun.java2d.SunGraphics2D.drawImage(Ljava/awt/Image;IILjava/awt/Color;Ljava/awt/image/ImageObserver;)Z+18
J  javax.swing.RepaintManager$PaintManager.paintDoubleBuffered(Ljavax/swing/JComponent;Ljava/awt/Image;Ljava/awt/Graphics;IIII)V
j  javax.swing.RepaintManager$PaintManager.paint(Ljavax/swing/JComponent;Ljavax/swing/JComponent;Ljava/awt/Graphics;IIII)Z+116
j  javax.swing.RepaintManager.paint(Ljavax/swing/JComponent;Ljavax/swing/JComponent;Ljava/awt/Graphics;IIII)V+52
j  javax.swing.JComponent.paint(Ljava/awt/Graphics;)V+225
j  java.awt.GraphicsCallback$PaintCallback.run(Ljava/awt/Component;Ljava/awt/Graphics;)V+2
j  sun.awt.SunGraphicsCallback.runOneComponent(Ljava/awt/Component;Ljava/awt/Rectangle;Ljava/awt/Graphics;Ljava/awt/Shape;I)V+155
j  sun.awt.SunGraphicsCallback.runComponents([Ljava/awt/Component;Ljava/awt/Graphics;I)V+104
j  java.awt.Container.paint(Ljava/awt/Graphics;)V+73
j  javax.swing.RepaintManager.paintDirtyRegions(Ljava/util/Map;)V+256
j  javax.swing.RepaintManager.paintDirtyRegions()V+46
j  javax.swing.RepaintManager.seqPaintDirtyRegions()V+73
j  javax.swing.SystemEventQueueUtilities$ComponentWorkRequest.run()V+36
J  java.awt.EventDispatchThread.pumpOneEventForFilters(I)Z
j  java.awt.EventDispatchThread.pumpEventsForFilter(ILjava/awt/Conditional;Ljava/awt/EventFilter;)V+30
j  java.awt.EventDispatchThread.pumpEventsForHierarchy(ILjava/awt/Conditional;Ljava/awt/Component;)V+11
j  java.awt.EventDispatchThread.pumpEvents(ILjava/awt/Conditional;)V+4
j  java.awt.EventDispatchThread.pumpEvents(Ljava/awt/Conditional;)V+3
j  java.awt.EventDispatchThread.run()V+9
v  ~StubRoutines::call_stub

---------------  P R O C E S S  ---------------

Java Threads: ( => current thread )
  0x000000005d9f4000 JavaThread "Timer-2" daemon [_thread_blocked, id=5056, stack(0x000000011bff0000,0x000000011fff0000)]
  0x000000005dc21800 JavaThread "com.jniwrapper.NativeResourceCollector" daemon [_thread_blocked, id=1104, stack(0x0000000113ff0000,0x0000000117ff0000)]
  0x000000005d9f7000 JavaThread "Code Analyzer updating thread" [_thread_blocked, id=4232, stack(0x00000000fbff0000,0x00000000ffff0000)]
  0x000000005d9f9800 JavaThread "Code Analyzer updating thread" [_thread_blocked, id=4296, stack(0x00000000f7ff0000,0x00000000fbff0000)]
  0x000000005d9f9000 JavaThread "Code Analyzer updating thread" [_thread_blocked, id=2264, stack(0x00000000f3ff0000,0x00000000f7ff0000)]
  0x000000005d9f8000 JavaThread "Code Analyzer updating thread" [_thread_blocked, id=4480, stack(0x00000000efff0000,0x00000000f3ff0000)]
  0x000000005d9f6000 JavaThread "Code Analyzer updating thread" [_thread_blocked, id=3212, stack(0x00000000ebff0000,0x00000000efff0000)]
  0x000000005d9f7800 JavaThread "Code Analyzer updating thread" [_thread_blocked, id=3760, stack(0x00000000e7ff0000,0x00000000ebff0000)]
  0x000000005d9f4800 JavaThread "Code Analyzer updating thread" [_thread_blocked, id=4200, stack(0x00000000cfff0000,0x00000000d3ff0000)]
  0x000000005d9f0800 JavaThread "Active Reference Queue Daemon" daemon [_thread_blocked, id=2080, stack(0x000000009fff0000,0x00000000a3ff0000)]
  0x000000005d9f1800 JavaThread "Timer-1" daemon [_thread_blocked, id=3360, stack(0x00000000dfff0000,0x00000000e3ff0000)]
  0x000000005d9f1000 JavaThread "ClipboardMonitor Timer" daemon [_thread_blocked, id=3540, stack(0x00000000dbff0000,0x00000000dfff0000)]
  0x000000005d9f3000 JavaThread "Explorer NavigationContext request queue" daemon [_thread_blocked, id=2484, stack(0x00000000d3ff0000,0x00000000d7ff0000)]
  0x000000005dc20800 JavaThread "AddressBar directory emptiness poller" daemon [_thread_blocked, id=3400, stack(0x00000000cbff0000,0x00000000cfff0000)]
  0x000000005dc1f000 JavaThread "Explorer Refresh Service 985048571" daemon [_thread_blocked, id=4692, stack(0x00000000c7ff0000,0x00000000cbff0000)]
  0x000000005dc1e800 JavaThread "Thread-4" daemon [_thread_blocked, id=3980, stack(0x000000002b120000,0x000000002f120000)]
  0x000000005dc1b000 JavaThread "TimerQueue" daemon [_thread_blocked, id=1604, stack(0x00000000bfff0000,0x00000000c3ff0000)]
  0x000000005dc1d800 JavaThread "Thread-3" daemon [_thread_blocked, id=2324, stack(0x00000000abff0000,0x00000000afff0000)]
=>0x000000005dc1a000 JavaThread "AWT-EventQueue-0" [_thread_in_native, id=2632, stack(0x00000000a7ff0000,0x00000000abff0000)]
  0x000000005dc1d000 JavaThread "AWT-Shutdown" [_thread_blocked, id=4260, stack(0x0000000097ff0000,0x000000009bff0000)]
  0x000000005dc1b800 JavaThread "FelixPackageAdmin" daemon [_thread_blocked, id=4124, stack(0x00000000b7ff0000,0x00000000bbff0000)]
  0x000000005d880800 JavaThread "FelixStartLevel" daemon [_thread_blocked, id=4996, stack(0x00000000b3ff0000,0x00000000b7ff0000)]
  0x000000005d9c5800 JavaThread "FelixDispatchQueue" daemon [_thread_blocked, id=4820, stack(0x00000000afff0000,0x00000000b3ff0000)]
  0x000000005d83f800 JavaThread "com.google.common.base.internal.Finalizer" daemon [_thread_blocked, id=4932, stack(0x00000000a3ff0000,0x00000000a7ff0000)]
  0x000000005d7e9800 JavaThread "AWT-Windows" daemon [_thread_in_native, id=3352, stack(0x000000009bff0000,0x000000009fff0000)]
  0x000000005d7e2800 JavaThread "Java2D Disposer" daemon [_thread_blocked, id=3868, stack(0x0000000093ff0000,0x0000000097ff0000)]
  0x000000005d25d000 JavaThread "Timer-0" [_thread_blocked, id=3864, stack(0x000000008fff0000,0x0000000093ff0000)]
  0x000000005d2b8800 JavaThread "EventMgr Dispatcher" daemon [_thread_in_native, id=3860, stack(0x000000008bff0000,0x000000008fff0000)]
  0x0000000057fdd000 JavaThread "Low Memory Detector" daemon [_thread_blocked, id=3812, stack(0x0000000083ff0000,0x0000000087ff0000)]
  0x00000000308bd800 JavaThread "CompilerThread1" daemon [_thread_blocked, id=3900, stack(0x000000007fff0000,0x0000000083ff0000)]
  0x00000000308bd000 JavaThread "CompilerThread0" daemon [_thread_blocked, id=248, stack(0x000000006cc30000,0x0000000070c30000)]
  0x0000000057fdc000 JavaThread "Attach Listener" daemon [_thread_blocked, id=4576, stack(0x0000000068c30000,0x000000006cc30000)]
  0x0000000057fa3800 JavaThread "Finalizer" daemon [_thread_blocked, id=4584, stack(0x0000000064c30000,0x0000000068c30000)]
  0x00000000308ab800 JavaThread "Reference Handler" daemon [_thread_blocked, id=4572, stack(0x0000000060c30000,0x0000000064c30000)]
  0x00000000307d1000 JavaThread "main" [_thread_in_native, id=4452, stack(0x0000000000040000,0x0000000004040000)]

Other Threads:
  0x0000000057fa1800 VMThread [stack: 0x0000000058120000,0x000000005c120000] [id=3160]
  0x0000000058011800 WatcherThread [stack: 0x0000000087ff0000,0x000000008bff0000] [id=4252]

VM state:not at safepoint (normal execution)

VM Mutex/Monitor currently owned by a thread: None

Heap
 PSYoungGen      total 16960K, used 9309K [0x0000000044ce0000, 0x0000000045e40000, 0x0000000047de0000)
  eden space 16320K, 54% used [0x0000000044ce0000,0x0000000045580f48,0x0000000045cd0000)
  from space 640K, 74% used [0x0000000045cd0000,0x0000000045d46798,0x0000000045d70000)
  to   space 640K, 0% used [0x0000000045da0000,0x0000000045da0000,0x0000000045e40000)
 PSOldGen        total 114688K, used 93194K [0x000000003b9e0000, 0x00000000429e0000, 0x0000000044ce0000)
  object space 114688K, 81% used [0x000000003b9e0000,0x00000000414e2ab0,0x00000000429e0000)
 PSPermGen       total 122688K, used 69125K [0x00000000339e0000, 0x000000003b1b0000, 0x000000003b9e0000)
  object space 122688K, 56% used [0x00000000339e0000,0x0000000037d616b8,0x000000003b1b0000)

Dynamic libraries:
0x0000000140000000 - 0x0000000140028000 	E:\Program Files\MATLAB\R2013a\bin\win64\MATLAB.exe
0x00007ffcc08a0000 - 0x00007ffcc0a4a000 	C:\Windows\SYSTEM32\ntdll.dll
0x00007ffcbe540000 - 0x00007ffcbe67a000 	C:\Windows\system32\KERNEL32.DLL
0x00007ffcbdde0000 - 0x00007ffcbdef0000 	C:\Windows\system32\KERNELBASE.dll
0x0000000074460000 - 0x0000000074515000 	E:\Program Files\MATLAB\R2013a\bin\win64\libut.dll
0x0000000073f70000 - 0x0000000074112000 	E:\Program Files\MATLAB\R2013a\bin\win64\libmwfl.dll
0x0000000180000000 - 0x000000018032f000 	E:\Program Files\MATLAB\R2013a\bin\win64\libmwservices.dll
0x0000000074970000 - 0x0000000074a18000 	E:\Program Files\MATLAB\R2013a\bin\win64\mcr.dll
0x00000000042d0000 - 0x0000000004426000 	E:\Program Files\MATLAB\R2013a\bin\win64\mvm.dll
0x0000000060b90000 - 0x0000000060c28000 	E:\Program Files\MATLAB\R2013a\bin\win64\MSVCP100.dll
0x0000000060ab0000 - 0x0000000060b82000 	E:\Program Files\MATLAB\R2013a\bin\win64\MSVCR100.dll
0x00000000758a0000 - 0x000000007595f000 	E:\Program Files\MATLAB\R2013a\bin\win64\libmwi18n.dll
0x0000000004110000 - 0x0000000004131000 	E:\Program Files\MATLAB\R2013a\bin\win64\libmwmfl_scalar.dll
0x0000000060aa0000 - 0x0000000060aa9000 	E:\Program Files\MATLAB\R2013a\bin\win64\boost_system-vc100-mt-1_49.dll
0x0000000060a80000 - 0x0000000060a91000 	E:\Program Files\MATLAB\R2013a\bin\win64\boost_thread-vc100-mt-1_49.dll
0x00007ffcb8220000 - 0x00007ffcb82ac000 	E:\Program Files\MATLAB\R2013a\bin\win64\boost_log-vc100-mt-1_49.dll
0x0000000060940000 - 0x0000000060a7e000 	E:\Program Files\MATLAB\R2013a\bin\win64\icuuc49.dll
0x0000000060930000 - 0x0000000060940000 	E:\Program Files\MATLAB\R2013a\bin\win64\icuio49.dll
0x00007ffcb81e0000 - 0x00007ffcb8213000 	E:\Program Files\MATLAB\R2013a\bin\win64\tbb.dll
0x00007ffcbeaa0000 - 0x00007ffcbeaa7000 	C:\Windows\system32\PSAPI.DLL
0x00007ffcbaeb0000 - 0x00007ffcbb038000 	C:\Windows\SYSTEM32\dbghelp.dll
0x00007ffcbe690000 - 0x00007ffcbe735000 	C:\Windows\system32\ADVAPI32.dll
0x00007ffcbe3c0000 - 0x00007ffcbe531000 	C:\Windows\system32\USER32.dll
0x0000000000020000 - 0x000000000002d000 	E:\Program Files\MATLAB\R2013a\bin\win64\libmwresource_core.dll
0x000000007a350000 - 0x000000007a737000 	E:\Program Files\MATLAB\R2013a\bin\win64\libmwMATLAB_res.dll
0x0000000060920000 - 0x000000006092e000 	E:\Program Files\MATLAB\R2013a\bin\win64\boost_date_time-vc100-mt-1_49.dll
0x00000000608f0000 - 0x000000006091c000 	E:\Program Files\MATLAB\R2013a\bin\win64\boost_filesystem-vc100-mt-1_49.dll
0x0000000060810000 - 0x00000000608ef000 	E:\Program Files\MATLAB\R2013a\bin\win64\boost_regex-vc100-mt-1_49.dll
0x00000000607f0000 - 0x0000000060801000 	E:\Program Files\MATLAB\R2013a\bin\win64\boost_signals-vc100-mt-1_49.dll
0x00007ffcc0740000 - 0x00007ffcc0755000 	C:\Windows\system32\imagehlp.dll
0x00007ffcbd2c0000 - 0x00007ffcbd305000 	C:\Windows\SYSTEM32\POWRPROF.dll
0x0000000075a20000 - 0x0000000075b0b000 	E:\Program Files\MATLAB\R2013a\bin\win64\libmx.dll
0x0000000004140000 - 0x000000000418e000 	E:\Program Files\MATLAB\R2013a\bin\win64\libmwregexp.dll
0x0000000075f10000 - 0x0000000075f57000 	E:\Program Files\MATLAB\R2013a\bin\win64\mpath.dll
0x000000007b680000 - 0x000000007bc66000 	E:\Program Files\MATLAB\R2013a\bin\win64\mlutil.dll
0x0000000004190000 - 0x00000000041b2000 	E:\Program Files\MATLAB\R2013a\bin\win64\libmwMATLAB_settings_res.dll
0x00000000041c0000 - 0x00000000041c6000 	E:\Program Files\MATLAB\R2013a\bin\win64\libmwnativedisplay.dll
0x00007ffcba070000 - 0x00007ffcba080000 	E:\Program Files\MATLAB\R2013a\bin\win64\boost_iostreams-vc100-mt-1_49.dll
0x00007ffcb8190000 - 0x00007ffcb81d6000 	E:\Program Files\MATLAB\R2013a\bin\win64\boost_serialization-vc100-mt-1_49.dll
0x00007ffcbdce0000 - 0x00007ffcbdd81000 	C:\Windows\WinSxS\amd64_microsoft.windows.common-controls_6595b64144ccf1df_5.82.9600.16384_none_34a8918f959016ea\COMCTL32.dll
0x00007ffcbeab0000 - 0x00007ffcbeb4a000 	C:\Windows\system32\COMDLG32.dll
0x00007ffcbc0c0000 - 0x00007ffcbc0d5000 	C:\Windows\SYSTEM32\NETAPI32.dll
0x00007ffcbe180000 - 0x00007ffcbe1d8000 	C:\Windows\system32\WS2_32.dll
0x00000000605a0000 - 0x00000000607e1000 	E:\Program Files\MATLAB\R2013a\bin\win64\xerces-c_2_7.dll
0x00007ffcbf150000 - 0x00007ffcc0567000 	C:\Windows\system32\SHELL32.dll
0x00007ffcbe740000 - 0x00007ffcbe8b8000 	C:\Windows\system32\ole32.dll
0x00007ffcc0680000 - 0x00007ffcc0737000 	C:\Windows\system32\OLEAUT32.dll
0x0000000075000000 - 0x00000000753b1000 	E:\Program Files\MATLAB\R2013a\bin\win64\iqm.dll
0x0000000079fb0000 - 0x0000000079fdf000 	E:\Program Files\MATLAB\R2013a\bin\win64\libmwbridge.dll
0x0000000004430000 - 0x0000000004454000 	E:\Program Files\MATLAB\R2013a\bin\win64\libmex.dll
0x0000000074e80000 - 0x0000000074f30000 	E:\Program Files\MATLAB\R2013a\bin\win64\m_dispatcher.dll
0x000000007b0a0000 - 0x000000007b2f6000 	E:\Program Files\MATLAB\R2013a\bin\win64\mcos.dll
0x0000000073cc0000 - 0x0000000073e0e000 	E:\Program Files\MATLAB\R2013a\bin\win64\libmwgui.dll
0x0000000004460000 - 0x0000000004da3000 	E:\Program Files\MATLAB\R2013a\bin\win64\hg.dll
0x0000000004db0000 - 0x0000000004e9b000 	E:\Program Files\MATLAB\R2013a\bin\win64\hgutils.dll
0x0000000004ea0000 - 0x00000000056a8000 	E:\Program Files\MATLAB\R2013a\bin\win64\m_interpreter.dll
0x0000000075710000 - 0x00000000757d8000 	E:\Program Files\MATLAB\R2013a\bin\win64\jmi.dll
0x00000000056b0000 - 0x000000000575e000 	E:\Program Files\MATLAB\R2013a\bin\win64\udd_mi.dll
0x0000000005760000 - 0x0000000005a2e000 	E:\Program Files\MATLAB\R2013a\bin\win64\uiw.dll
0x000000007a1f0000 - 0x000000007a20d000 	E:\Program Files\MATLAB\R2013a\bin\win64\mwoles05.DLL
0x0000000005a30000 - 0x0000000005a9c000 	E:\Program Files\MATLAB\R2013a\bin\win64\comcli.dll
0x0000000005aa0000 - 0x0000000005aac000 	E:\Program Files\MATLAB\R2013a\bin\win64\mlautoregister.dll
0x00007ffcbeed0000 - 0x00007ffcbf015000 	C:\Windows\system32\GDI32.dll
0x0000000060570000 - 0x0000000060595000 	E:\Program Files\MATLAB\R2013a\bin\win64\LIBEXPAT.dll
0x00000000603e0000 - 0x000000006056a000 	E:\Program Files\MATLAB\R2013a\bin\win64\icuin49.dll
0x000000005f2b0000 - 0x00000000603d2000 	E:\Program Files\MATLAB\R2013a\bin\win64\icudt49.dll
0x00007ffcbf0a0000 - 0x00007ffcbf147000 	C:\Windows\system32\msvcrt.dll
0x00007ffcc0620000 - 0x00007ffcc0677000 	C:\Windows\SYSTEM32\sechost.dll
0x00007ffcc0760000 - 0x00007ffcc0896000 	C:\Windows\system32\RPCRT4.dll
0x00007ffcb7be0000 - 0x00007ffcb7c08000 	E:\Program Files\MATLAB\R2013a\bin\win64\tbbmalloc.dll
0x000000005f290000 - 0x000000005f2a7000 	E:\Program Files\MATLAB\R2013a\bin\win64\zlib1.dll
0x00000000754d0000 - 0x0000000075547000 	E:\Program Files\MATLAB\R2013a\bin\win64\xmlcore.dll
0x00007ffcbf030000 - 0x00007ffcbf081000 	C:\Windows\system32\SHLWAPI.dll
0x00007ffcbcfd0000 - 0x00007ffcbcfdc000 	C:\Windows\SYSTEM32\netutils.dll
0x00007ffcbd7c0000 - 0x00007ffcbd7e5000 	C:\Windows\SYSTEM32\srvcli.dll
0x00007ffcbc080000 - 0x00007ffcbc096000 	C:\Windows\SYSTEM32\wkscli.dll
0x00007ffcbe680000 - 0x00007ffcbe689000 	C:\Windows\system32\NSI.dll
0x00007ffcbebb0000 - 0x00007ffcbed86000 	C:\Windows\SYSTEM32\combase.dll
0x0000000074f40000 - 0x0000000074ff6000 	E:\Program Files\MATLAB\R2013a\bin\win64\udd.dll
0x0000000005ae0000 - 0x0000000005b04000 	E:\Program Files\MATLAB\R2013a\bin\win64\graphics_util.dll
0x0000000076100000 - 0x000000007615a000 	E:\Program Files\MATLAB\R2013a\bin\win64\libmat.dll
0x00000000761c0000 - 0x0000000076200000 	E:\Program Files\MATLAB\R2013a\bin\win64\libmwhardcopy.dll
0x0000000075c70000 - 0x0000000075cce000 	E:\Program Files\MATLAB\R2013a\bin\win64\libuij.dll
0x0000000072f50000 - 0x000000007318f000 	E:\Program Files\MATLAB\R2013a\bin\win64\hgdatatypes.dll
0x0000000075820000 - 0x000000007589e000 	E:\Program Files\MATLAB\R2013a\bin\win64\libmwlapack.dll
0x0000000005b10000 - 0x0000000005b46000 	E:\Program Files\MATLAB\R2013a\bin\win64\libmwgbtutils.dll
0x0000000005b50000 - 0x0000000005b64000 	E:\Program Files\MATLAB\R2013a\bin\win64\libmwgbt.dll
0x000000005ed30000 - 0x000000005f28d000 	E:\Program Files\MATLAB\R2013a\bin\win64\mfc100.dll
0x00007ffcb6510000 - 0x00007ffcb658b000 	C:\Windows\SYSTEM32\WINSPOOL.DRV
0x0000000075430000 - 0x00000000754ab000 	E:\Program Files\MATLAB\R2013a\bin\win64\profiler.dll
0x0000000005b70000 - 0x0000000005df3000 	E:\Program Files\MATLAB\R2013a\bin\win64\libmwmathutil.dll
0x0000000079f40000 - 0x0000000079f66000 	E:\Program Files\MATLAB\R2013a\bin\win64\libmwmathrng.dll
0x000000007a1b0000 - 0x000000007a1d0000 	E:\Program Files\MATLAB\R2013a\bin\win64\m_pcodeio.dll
0x0000000079b10000 - 0x0000000079b6c000 	E:\Program Files\MATLAB\R2013a\bin\win64\m_ir.dll
0x0000000078ed0000 - 0x0000000079579000 	E:\Program Files\MATLAB\R2013a\bin\win64\m_parser.dll
0x000000007a130000 - 0x000000007a158000 	E:\Program Files\MATLAB\R2013a\bin\win64\m_pcodegen.dll
0x0000000005e00000 - 0x0000000005e63000 	E:\Program Files\MATLAB\R2013a\bin\win64\libmwspmatrix.dll
0x0000000005e70000 - 0x0000000005e7e000 	E:\Program Files\MATLAB\R2013a\bin\win64\nativejava_services.dll
0x0000000005e80000 - 0x0000000005e89000 	E:\Program Files\MATLAB\R2013a\bin\win64\uinone.dll
0x0000000005e90000 - 0x0000000005eb6000 	E:\Program Files\MATLAB\R2013a\bin\win64\libmwnativefiledialogs.dll
0x00007ffcad700000 - 0x00007ffcad71b000 	C:\Windows\SYSTEM32\MPR.dll
0x000000005ed00000 - 0x000000005ed2b000 	E:\Program Files\MATLAB\R2013a\bin\win64\ATL100.DLL
0x00007ffcb4dc0000 - 0x00007ffcb4e78000 	E:\Program Files\MATLAB\R2013a\bin\win64\libtex_base.dll
0x0000000072d30000 - 0x0000000072f38000 	E:\Program Files\MATLAB\R2013a\bin\win64\hdf5dll.dll
0x000000007a310000 - 0x000000007a325000 	E:\Program Files\MATLAB\R2013a\bin\win64\libmwbinder.dll
0x0000000005ee0000 - 0x0000000005eeb000 	E:\Program Files\MATLAB\R2013a\bin\win64\libmwompwrapper.dll
0x00007ffcb9c50000 - 0x00007ffcb9c57000 	C:\Windows\SYSTEM32\MSIMG32.dll
0x0000000005ef0000 - 0x0000000005f00000 	E:\Program Files\MATLAB\R2013a\bin\win64\libmwmfl_rng.dll
0x0000000074c10000 - 0x0000000074cf8000 	E:\Program Files\MATLAB\R2013a\bin\win64\libmwmathcore.dll
0x000000007a2f0000 - 0x000000007a307000 	E:\Program Files\MATLAB\R2013a\bin\win64\ir_xfmr.dll
0x0000000005f00000 - 0x0000000005f10000 	E:\Program Files\MATLAB\R2013a\bin\win64\mtok.dll
0x0000000005f10000 - 0x0000000005f1c000 	E:\Program Files\MATLAB\R2013a\bin\win64\libmwplatform_res.dll
0x00007ffcbba20000 - 0x00007ffcbbabf000 	C:\Windows\SYSTEM32\SHCORE.DLL
0x0000000075ea0000 - 0x0000000075f02000 	E:\Program Files\MATLAB\R2013a\bin\win64\libmwcholmod.dll
0x0000000005f40000 - 0x0000000005f4d000 	E:\Program Files\MATLAB\R2013a\bin\win64\libmwamd.dll
0x0000000005f50000 - 0x0000000005f5c000 	E:\Program Files\MATLAB\R2013a\bin\win64\libmwcolamd.dll
0x000000007a290000 - 0x000000007a2a3000 	E:\Program Files\MATLAB\R2013a\bin\win64\libmwblas.dll
0x000000005ec50000 - 0x000000005ecf3000 	C:\Windows\WinSxS\amd64_microsoft.vc90.crt_1fc8b3b9a1e18e3b_9.0.30729.8387_none_08e793bfa83a89b5\MSVCR90.dll
0x00007ffcbe1e0000 - 0x00007ffcbe214000 	C:\Windows\system32\IMM32.DLL
0x00007ffcbed90000 - 0x00007ffcbeec9000 	C:\Windows\system32\MSCTF.dll
0x00007ffcbc8f0000 - 0x00007ffcbca11000 	C:\Windows\SYSTEM32\UxTheme.dll
0x00007ffcbc060000 - 0x00007ffcbc080000 	C:\Windows\system32\dwmapi.dll
0x000000005ec40000 - 0x000000005ec4d000 	E:\Program Files\MATLAB\R2013a\bin\win64\MFC100ENU.DLL
0x0000000007da0000 - 0x0000000007dee000 	E:\Program Files\MATLAB\R2013a\bin\win64\MVMLocal.dll
0x0000000078870000 - 0x0000000078ecd000 	E:\Program Files\MATLAB\R2013a\sys\java\jre\win64\jre\bin\server\jvm.dll
0x00007ffcace10000 - 0x00007ffcace2f000 	C:\Windows\SYSTEM32\WINMM.dll
0x00007ffcacde0000 - 0x00007ffcace0a000 	C:\Windows\SYSTEM32\WINMMBASE.dll
0x00007ffcbe0d0000 - 0x00007ffcbe11a000 	C:\Windows\SYSTEM32\cfgmgr32.dll

VM Arguments:
jvm_args: -XX:PermSize=32m -Xms64m -XX:NewRatio=3 -XX:MaxPermSize=128m -Xmx196m -XX:MaxDirectMemorySize=2147400000 -Dsun.java2d.noddraw=true -Dsun.awt.nopixfmt=true -Xshare:off -Xrs -Dsun.awt.disableMixing=true -Djava.library.path=E:\Program Files\MATLAB\R2013a\bin\win64;E:\Program Files\MATLAB\R2013a\sys\jxbrowser\win64\lib vfprintf abort 
java_command: <unknown>
Launcher Type: generic

Environment Variables:
PATH=C:\PROGRAM FILES (X86)\PC CONNECTIVITY SOLUTION\;C:\PROGRAMDATA\ORACLE\JAVA\JAVAPATH;C:\PYTHON27\;C:\WINDOWS\SYSTEM32;C:\WINDOWS;C:\WINDOWS\SYSTEM32\WBEM;C:\WINDOWS\SYSTEM32\WINDOWSPOWERSHELL\V1.0\;E:\PROGRAM FILES\MIKTEX 2.9\MIKTEX\BIN\X64\;C:\PROGRAM FILES (X86)\CODEBLOCKS\MINGW\BIN;C:\USERS\TOMMY\APPDATA\LOCAL\GITHUB\PORTABLEGIT_C2BA306E536FDF878271F7FE636A147FF37326AD\BIN;E:\PROGRAM FILES\MATLAB\R2013A\RUNTIME\WIN64;E:\PROGRAM FILES\MATLAB\R2013A\BIN;C:\PROGRAM FILES (X86)\GNUWIN32\BIN; C:\PROGRAM FILES (X86)\NOTEPAD++;C:\PROGRAM FILES (X86)\CMAKE\BIN;C:\Program Files (x86)\Windows Kits\8.1\Windows Performance Toolkit\;C:\Program Files\Microsoft SQL Server\110\Tools\Binn\;C:\Program Files (x86)\Microsoft SDKs\TypeScript\1.0\;C:\Program Files\Microsoft SQL Server\120\Tools\Binn\;E:\Essentials\K Lite\mplayer;E:\Programming\ffmpeg\bin;E:\Programming\OpenGL\freeglut\bin;E:\Programming\FreeImage\Dist\x32;C:\Program Files (x86)\Notepad++;C:\Program Files (x86)\Skype\Phone\;E:\UofA\Thesis\Code\TrackingFramework\scripts;G:\Program Files\MATLAB\R2016a\runtime\win64;G:\Program Files\MATLAB\R2016a\bin;G:\Program Files\MATLAB\R2016a\polyspace\bin;C:\Program Files (x86)\gs\gs8.63\bin;E:\Program Files\MiKTeX 2.9\miktex\bin\x64;C:\Program Files (x86)\XPDF\bin32;C:\Program Files (x86)\Windows Live\Shared;C:\Program Files (x86)\OpenVPN\bin
USERNAME=Tommy
OS=Windows_NT
PROCESSOR_IDENTIFIER=Intel64 Family 6 Model 58 Stepping 9, GenuineIntel



---------------  S Y S T E M  ---------------

OS: Windows NT 6.2 Build 9200 

CPU:total 4 (8 cores per cpu, 2 threads per core) family 6 model 58 stepping 9, cmov, cx8, fxsr, mmx, sse, sse2, sse3, ssse3, sse4.1, sse4.2, ht

Memory: 4k page, physical 16634788k(13468784k free), swap 25547684k(22115180k free)

vm_info: Java HotSpot(TM) 64-Bit Server VM (14.3-b01) for windows-amd64 JRE (1.6.0_17-b04), built on Oct 11 2009 00:46:08 by "java_re" with MS VC++ 8.0

time: Fri Jan 20 17:26:31 2017
elapsed time: 2367 seconds

