#
# A fatal error has been detected by the Java Runtime Environment:
#
#  EXCEPTION_ACCESS_VIOLATION (0xc0000005) at pc=0x000000005020c750, pid=2640, tid=3308
#
# JRE version: 6.0_17-b04
# Java VM: Java HotSpot(TM) 64-Bit Server VM (14.3-b01 mixed mode windows-amd64 )
# Problematic frame:
# C  0x000000005020c750
#
# If you would like to submit a bug report, please visit:
#   http://java.sun.com/webapps/bugreport/crash.jsp
# The crash happened outside the Java Virtual Machine in native code.
# See problematic frame for where to report the bug.
#

---------------  T H R E A D  ---------------

Current thread (0x0000000070467800):  JavaThread "AWT-EventQueue-0" [_thread_in_native, id=3308, stack(0x00000000abff0000,0x00000000afff0000)]

siginfo: ExceptionCode=0xc0000005, reading address 0x0000000000000008

Registers:
EAX=0x000000000000000d, EBX=0x00000000704679b8, ECX=0x0000000000000000, EDX=0x000000000f0118fc
ESP=0x00000000affee5e8, EBP=0x0000000052951100, ESI=0x00000000704679b8, EDI=0x00000000765f1e40
EIP=0x000000005020c750, EFLAGS=0x0000000000010202

Top of Stack: (sp=0x00000000affee5e8)
0x00000000affee5e8:   00000000501b589c 00000000704679b8
0x00000000affee5f8:   0000000052951100 00000000704679b8
0x00000000affee608:   00000000765f1e40 0000000033bbcf30
0x00000000affee618:   00000000affee9a8 00000000affee9b0
0x00000000affee628:   0000000050193810 00000000704679b8
0x00000000affee638:   0000000050295ca8 00000000affee9a8
0x00000000affee648:   0000000052951100 00000000affee6a0
0x00000000affee658:   0000000050131ff9 0000000000000000
0x00000000affee668:   00000000704679b8 00000000affee998
0x00000000affee678:   0000000077984f00 00000000affee6f8
0x00000000affee688:   0000000030935ac2 0000000000000000
0x00000000affee698:   000000003baf2a10 000000003ba58700
0x00000000affee6a8:   0000000000000000 0000002000000008
0x00000000affee6b8:   0000042200000788 0000000000000000
0x00000000affee6c8:   0000000000000000 0000000033e36eb0
0x00000000affee6d8:   0000000000000000 000000003ba1e5c8 

Instructions: (pc=0x000000005020c750)
0x000000005020c740:   48 8b 41 08 48 8b 80 18 0c 00 00 c3 cc cc cc cc
0x000000005020c750:   48 8b 49 08 48 85 c9 74 05 e9 72 f6 fd ff 33 c0 


Stack: [0x00000000abff0000,0x00000000afff0000],  sp=0x00000000affee5e8,  free space=65529k
Native frames: (J=compiled Java code, j=interpreted, Vv=VM code, C=native code)
C  0x000000005020c750

Java frames: (J=compiled Java code, j=interpreted, Vv=VM code)
j  sun.java2d.loops.Blit.Blit(Lsun/java2d/SurfaceData;Lsun/java2d/SurfaceData;Ljava/awt/Composite;Lsun/java2d/pipe/Region;IIIIII)V+0
j  sun.java2d.pipe.DrawImage.blitSurfaceData(Lsun/java2d/SunGraphics2D;Lsun/java2d/pipe/Region;Lsun/java2d/SurfaceData;Lsun/java2d/SurfaceData;Lsun/java2d/loops/SurfaceType;Lsun/java2d/loops/SurfaceType;IIIIIILjava/awt/Color;)V+97
j  sun.java2d.pipe.DrawImage.renderImageCopy(Lsun/java2d/SunGraphics2D;Ljava/awt/Image;Ljava/awt/Color;IIIIII)Z+75
j  sun.java2d.pipe.DrawImage.copyImage(Lsun/java2d/SunGraphics2D;Ljava/awt/Image;IILjava/awt/Color;)Z+45
j  sun.java2d.pipe.DrawImage.copyImage(Lsun/java2d/SunGraphics2D;Ljava/awt/Image;IILjava/awt/Color;Ljava/awt/image/ImageObserver;)Z+15
j  sun.java2d.pipe.ValidatePipe.copyImage(Lsun/java2d/SunGraphics2D;Ljava/awt/Image;IILjava/awt/Color;Ljava/awt/image/ImageObserver;)Z+21
j  sun.java2d.SunGraphics2D.drawImage(Ljava/awt/Image;IILjava/awt/Color;Ljava/awt/image/ImageObserver;)Z+18
j  sun.java2d.SunGraphics2D.drawImage(Ljava/awt/Image;IILjava/awt/image/ImageObserver;)Z+7
j  javax.swing.RepaintManager$PaintManager.paintDoubleBuffered(Ljavax/swing/JComponent;Ljava/awt/Image;Ljava/awt/Graphics;IIII)V+127
j  javax.swing.RepaintManager$PaintManager.paint(Ljavax/swing/JComponent;Ljavax/swing/JComponent;Ljava/awt/Graphics;IIII)Z+116
j  javax.swing.RepaintManager.paint(Ljavax/swing/JComponent;Ljavax/swing/JComponent;Ljava/awt/Graphics;IIII)V+52
j  javax.swing.JComponent.paint(Ljava/awt/Graphics;)V+225
j  java.awt.GraphicsCallback$PaintCallback.run(Ljava/awt/Component;Ljava/awt/Graphics;)V+2
j  sun.awt.SunGraphicsCallback.runOneComponent(Ljava/awt/Component;Ljava/awt/Rectangle;Ljava/awt/Graphics;Ljava/awt/Shape;I)V+155
j  sun.awt.SunGraphicsCallback.runComponents([Ljava/awt/Component;Ljava/awt/Graphics;I)V+104
j  java.awt.Container.paint(Ljava/awt/Graphics;)V+73
j  javax.swing.RepaintManager.paintDirtyRegions(Ljava/util/Map;)V+256
j  javax.swing.RepaintManager.paintDirtyRegions()V+46
j  javax.swing.RepaintManager.seqPaintDirtyRegions()V+73
j  javax.swing.SystemEventQueueUtilities$ComponentWorkRequest.run()V+36
j  java.awt.event.InvocationEvent.dispatch()V+47
j  java.awt.EventQueue.dispatchEvent(Ljava/awt/AWTEvent;)V+26
j  java.awt.EventDispatchThread.pumpOneEventForFilters(I)Z+204
j  java.awt.EventDispatchThread.pumpEventsForFilter(ILjava/awt/Conditional;Ljava/awt/EventFilter;)V+30
j  java.awt.EventDispatchThread.pumpEventsForHierarchy(ILjava/awt/Conditional;Ljava/awt/Component;)V+11
j  java.awt.EventDispatchThread.pumpEvents(ILjava/awt/Conditional;)V+4
j  java.awt.EventDispatchThread.pumpEvents(Ljava/awt/Conditional;)V+3
j  java.awt.EventDispatchThread.run()V+9
v  ~StubRoutines::call_stub

---------------  P R O C E S S  ---------------

Java Threads: ( => current thread )
  0x000000007073c000 JavaThread "Timer-2" daemon [_thread_blocked, id=5112, stack(0x0000000150030000,0x0000000154030000)]
  0x0000000070737000 JavaThread "com.jniwrapper.NativeResourceCollector" daemon [_thread_blocked, id=5036, stack(0x000000012ff30000,0x0000000133f30000)]
  0x0000000070736800 JavaThread "Code Analyzer updating thread" [_thread_blocked, id=4704, stack(0x0000000123f30000,0x0000000127f30000)]
  0x0000000070737800 JavaThread "Code Analyzer updating thread" [_thread_blocked, id=4692, stack(0x000000011ff30000,0x0000000123f30000)]
  0x0000000070738800 JavaThread "Code Analyzer updating thread" [_thread_blocked, id=4684, stack(0x000000011bf30000,0x000000011ff30000)]
  0x00000000707d1800 JavaThread "Code Analyzer updating thread" [_thread_blocked, id=4676, stack(0x0000000117f30000,0x000000011bf30000)]
  0x00000000707d4000 JavaThread "Code Analyzer updating thread" [_thread_blocked, id=4668, stack(0x0000000113f30000,0x0000000117f30000)]
  0x00000000707d3000 JavaThread "Code Analyzer updating thread" [_thread_blocked, id=4660, stack(0x000000010ff30000,0x0000000113f30000)]
  0x00000000707d2800 JavaThread "Code Analyzer updating thread" [_thread_blocked, id=4652, stack(0x000000010bf30000,0x000000010ff30000)]
  0x00000000707d1000 JavaThread "Code Analyzer updating thread" [_thread_blocked, id=4640, stack(0x0000000107f30000,0x000000010bf30000)]
  0x00000000707cd800 JavaThread "Code Analyzer updating thread" [_thread_blocked, id=4632, stack(0x0000000103f30000,0x0000000107f30000)]
  0x00000000707d0000 JavaThread "Code Analyzer updating thread" [_thread_blocked, id=4616, stack(0x00000000fff30000,0x0000000103f30000)]
  0x00000000707cc800 JavaThread "Code Analyzer updating thread" [_thread_blocked, id=4608, stack(0x00000000fbf30000,0x00000000fff30000)]
  0x00000000707cf800 JavaThread "Code Analyzer updating thread" [_thread_blocked, id=4600, stack(0x00000000f7f30000,0x00000000fbf30000)]
  0x00000000707cf000 JavaThread "Code Analyzer updating thread" [_thread_blocked, id=4592, stack(0x00000000f3f30000,0x00000000f7f30000)]
  0x00000000707ce000 JavaThread "Code Analyzer updating thread" [_thread_blocked, id=4580, stack(0x00000000eff30000,0x00000000f3f30000)]
  0x00000000707c8800 JavaThread "Code Analyzer updating thread" [_thread_blocked, id=4572, stack(0x00000000ebf30000,0x00000000eff30000)]
  0x00000000707cb000 JavaThread "Code Analyzer updating thread" [_thread_blocked, id=4564, stack(0x00000000e7f30000,0x00000000ebf30000)]
  0x00000000707c9000 JavaThread "Code Analyzer updating thread" [_thread_blocked, id=4556, stack(0x00000000e3f30000,0x00000000e7f30000)]
  0x00000000707c6000 JavaThread "Code Analyzer updating thread" [_thread_blocked, id=4544, stack(0x00000000dff30000,0x00000000e3f30000)]
  0x00000000707c7800 JavaThread "Active Reference Queue Daemon" daemon [_thread_blocked, id=4532, stack(0x00000000a7ff0000,0x00000000abff0000)]
  0x00000000707c4800 JavaThread "Timer-1" daemon [_thread_blocked, id=4528, stack(0x00000000a3ff0000,0x00000000a7ff0000)]
  0x00000000707c9800 JavaThread "ClipboardMonitor Timer" daemon [_thread_blocked, id=4424, stack(0x00000000dbf30000,0x00000000dff30000)]
  0x00000000707c7000 JavaThread "Explorer NavigationContext request queue" daemon [_thread_blocked, id=4316, stack(0x00000000d3f30000,0x00000000d7f30000)]
  0x000000007046e000 JavaThread "AddressBar directory emptiness poller" daemon [_thread_blocked, id=4204, stack(0x00000000cff30000,0x00000000d3f30000)]
  0x000000007046d800 JavaThread "Explorer Refresh Service 508219724" daemon [_thread_blocked, id=4188, stack(0x000000009bff0000,0x000000009fff0000)]
  0x000000007046d000 JavaThread "Thread-4" daemon [_thread_blocked, id=3216, stack(0x00000000c8fc0000,0x00000000ccfc0000)]
  0x0000000070468800 JavaThread "TimerQueue" daemon [_thread_blocked, id=3804, stack(0x00000000c3ff0000,0x00000000c7ff0000)]
  0x000000007046b800 JavaThread "Thread-3" daemon [_thread_blocked, id=2612, stack(0x00000000afff0000,0x00000000b3ff0000)]
=>0x0000000070467800 JavaThread "AWT-EventQueue-0" [_thread_in_native, id=3308, stack(0x00000000abff0000,0x00000000afff0000)]
  0x000000007046a800 JavaThread "AWT-Shutdown" [_thread_blocked, id=1784, stack(0x0000000093ff0000,0x0000000097ff0000)]
  0x0000000070467000 JavaThread "FelixPackageAdmin" daemon [_thread_blocked, id=3092, stack(0x00000000bbff0000,0x00000000bfff0000)]
  0x0000000070469000 JavaThread "FelixStartLevel" daemon [_thread_blocked, id=3112, stack(0x00000000b7ff0000,0x00000000bbff0000)]
  0x000000007046a000 JavaThread "FelixDispatchQueue" daemon [_thread_blocked, id=3124, stack(0x00000000b3ff0000,0x00000000b7ff0000)]
  0x00000000701c7800 JavaThread "com.google.common.base.internal.Finalizer" daemon [_thread_blocked, id=2556, stack(0x000000009fff0000,0x00000000a3ff0000)]
  0x000000007016d000 JavaThread "AWT-Windows" daemon [_thread_in_native, id=1536, stack(0x0000000097ff0000,0x000000009bff0000)]
  0x000000007007a800 JavaThread "Java2D Disposer" daemon [_thread_blocked, id=3928, stack(0x000000008fff0000,0x0000000093ff0000)]
  0x000000006fc54800 JavaThread "Timer-0" [_thread_blocked, id=3380, stack(0x000000008bff0000,0x000000008fff0000)]
  0x0000000052f9f800 JavaThread "EventMgr Dispatcher" daemon [_thread_in_native, id=2356, stack(0x0000000087ff0000,0x000000008bff0000)]
  0x000000004ffef000 JavaThread "Low Memory Detector" daemon [_thread_blocked, id=3812, stack(0x000000007fff0000,0x0000000083ff0000)]
  0x000000004ffed000 JavaThread "CompilerThread1" daemon [_thread_blocked, id=3840, stack(0x000000007bc70000,0x000000007fc70000)]
  0x000000004ffec800 JavaThread "CompilerThread0" daemon [_thread_blocked, id=4000, stack(0x000000006b840000,0x000000006f840000)]
  0x000000004ffeb800 JavaThread "Attach Listener" daemon [_thread_blocked, id=3848, stack(0x0000000067840000,0x000000006b840000)]
  0x0000000030900800 JavaThread "Finalizer" daemon [_thread_blocked, id=3920, stack(0x0000000063840000,0x0000000067840000)]
  0x00000000308f9800 JavaThread "Reference Handler" daemon [_thread_blocked, id=3796, stack(0x000000005f840000,0x0000000063840000)]
  0x0000000030821000 JavaThread "main" [_thread_in_native, id=3996, stack(0x0000000000040000,0x0000000004040000)]

Other Threads:
  0x000000004ffb1800 VMThread [stack: 0x000000005b840000,0x000000005f840000] [id=3824]
  0x000000005000e000 WatcherThread [stack: 0x0000000083ff0000,0x0000000087ff0000] [id=2512]

VM state:not at safepoint (normal execution)

VM Mutex/Monitor currently owned by a thread: None

Heap
 PSYoungGen      total 16064K, used 5098K [0x0000000044cf0000, 0x0000000045cf0000, 0x0000000047df0000)
  eden space 15744K, 30% used [0x0000000044cf0000,0x00000000451b2950,0x0000000045c50000)
  from space 320K, 70% used [0x0000000045c50000,0x0000000045c88000,0x0000000045ca0000)
  to   space 320K, 0% used [0x0000000045ca0000,0x0000000045ca0000,0x0000000045cf0000)
 PSOldGen        total 104384K, used 79796K [0x000000003b9f0000, 0x0000000041fe0000, 0x0000000044cf0000)
  object space 104384K, 76% used [0x000000003b9f0000,0x00000000407dd010,0x0000000041fe0000)
 PSPermGen       total 122176K, used 68792K [0x00000000339f0000, 0x000000003b140000, 0x000000003b9f0000)
  object space 122176K, 56% used [0x00000000339f0000,0x0000000037d1e3b0,0x000000003b140000)

Dynamic libraries:
0x0000000140000000 - 0x0000000140028000 	E:\Program Files\MATLAB\R2013a\bin\win64\MATLAB.exe
0x00007fffdcca0000 - 0x00007fffdce4a000 	C:\Windows\SYSTEM32\ntdll.dll
0x00007fffdc9b0000 - 0x00007fffdcaea000 	C:\Windows\system32\KERNEL32.DLL
0x00007fffda2c0000 - 0x00007fffda3d0000 	C:\Windows\system32\KERNELBASE.dll
0x0000000074460000 - 0x0000000074515000 	E:\Program Files\MATLAB\R2013a\bin\win64\libut.dll
0x0000000073f70000 - 0x0000000074112000 	E:\Program Files\MATLAB\R2013a\bin\win64\libmwfl.dll
0x0000000180000000 - 0x000000018032f000 	E:\Program Files\MATLAB\R2013a\bin\win64\libmwservices.dll
0x0000000074970000 - 0x0000000074a18000 	E:\Program Files\MATLAB\R2013a\bin\win64\mcr.dll
0x0000000004280000 - 0x00000000043d6000 	E:\Program Files\MATLAB\R2013a\bin\win64\mvm.dll
0x00000000537a0000 - 0x0000000053838000 	E:\Program Files\MATLAB\R2013a\bin\win64\MSVCP100.dll
0x00000000522f0000 - 0x00000000523c2000 	E:\Program Files\MATLAB\R2013a\bin\win64\MSVCR100.dll
0x00000000758a0000 - 0x000000007595f000 	E:\Program Files\MATLAB\R2013a\bin\win64\libmwi18n.dll
0x0000000004110000 - 0x0000000004131000 	E:\Program Files\MATLAB\R2013a\bin\win64\libmwmfl_scalar.dll
0x0000000053790000 - 0x0000000053799000 	E:\Program Files\MATLAB\R2013a\bin\win64\boost_system-vc100-mt-1_49.dll
0x00000000522d0000 - 0x00000000522e1000 	E:\Program Files\MATLAB\R2013a\bin\win64\boost_thread-vc100-mt-1_49.dll
0x00007fffbf010000 - 0x00007fffbf09c000 	E:\Program Files\MATLAB\R2013a\bin\win64\boost_log-vc100-mt-1_49.dll
0x0000000052190000 - 0x00000000522ce000 	E:\Program Files\MATLAB\R2013a\bin\win64\icuuc49.dll
0x0000000052180000 - 0x0000000052190000 	E:\Program Files\MATLAB\R2013a\bin\win64\icuio49.dll
0x00007fffbefd0000 - 0x00007fffbf003000 	E:\Program Files\MATLAB\R2013a\bin\win64\tbb.dll
0x00007fffdcc90000 - 0x00007fffdcc97000 	C:\Windows\system32\PSAPI.DLL
0x00007fffd6f30000 - 0x00007fffd70b8000 	C:\Windows\SYSTEM32\dbghelp.dll
0x00007fffda520000 - 0x00007fffda5c5000 	C:\Windows\system32\ADVAPI32.dll
0x00007fffdc380000 - 0x00007fffdc4f1000 	C:\Windows\system32\USER32.dll
0x0000000000020000 - 0x000000000002d000 	E:\Program Files\MATLAB\R2013a\bin\win64\libmwresource_core.dll
0x000000007a350000 - 0x000000007a737000 	E:\Program Files\MATLAB\R2013a\bin\win64\libmwMATLAB_res.dll
0x0000000052170000 - 0x000000005217e000 	E:\Program Files\MATLAB\R2013a\bin\win64\boost_date_time-vc100-mt-1_49.dll
0x0000000052140000 - 0x000000005216c000 	E:\Program Files\MATLAB\R2013a\bin\win64\boost_filesystem-vc100-mt-1_49.dll
0x0000000052060000 - 0x000000005213f000 	E:\Program Files\MATLAB\R2013a\bin\win64\boost_regex-vc100-mt-1_49.dll
0x0000000052040000 - 0x0000000052051000 	E:\Program Files\MATLAB\R2013a\bin\win64\boost_signals-vc100-mt-1_49.dll
0x00007fffdac00000 - 0x00007fffdac15000 	C:\Windows\system32\imagehlp.dll
0x00007fffd9ea0000 - 0x00007fffd9ee5000 	C:\Windows\SYSTEM32\POWRPROF.dll
0x0000000075a20000 - 0x0000000075b0b000 	E:\Program Files\MATLAB\R2013a\bin\win64\libmx.dll
0x00000000043e0000 - 0x000000000442e000 	E:\Program Files\MATLAB\R2013a\bin\win64\libmwregexp.dll
0x0000000075f10000 - 0x0000000075f57000 	E:\Program Files\MATLAB\R2013a\bin\win64\mpath.dll
0x000000007b680000 - 0x000000007bc66000 	E:\Program Files\MATLAB\R2013a\bin\win64\mlutil.dll
0x0000000004140000 - 0x0000000004162000 	E:\Program Files\MATLAB\R2013a\bin\win64\libmwMATLAB_settings_res.dll
0x0000000004170000 - 0x0000000004176000 	E:\Program Files\MATLAB\R2013a\bin\win64\libmwnativedisplay.dll
0x00007fffbefc0000 - 0x00007fffbefd0000 	E:\Program Files\MATLAB\R2013a\bin\win64\boost_iostreams-vc100-mt-1_49.dll
0x00007fffbef70000 - 0x00007fffbefb6000 	E:\Program Files\MATLAB\R2013a\bin\win64\boost_serialization-vc100-mt-1_49.dll
0x00007fffda420000 - 0x00007fffda4c1000 	C:\Windows\WinSxS\amd64_microsoft.windows.common-controls_6595b64144ccf1df_5.82.9600.16384_none_34a8918f959016ea\COMCTL32.dll
0x00007fffdab00000 - 0x00007fffdab9a000 	C:\Windows\system32\COMDLG32.dll
0x00007fffd85f0000 - 0x00007fffd8605000 	C:\Windows\SYSTEM32\NETAPI32.dll
0x00007fffdaba0000 - 0x00007fffdabf8000 	C:\Windows\system32\WS2_32.dll
0x0000000051df0000 - 0x0000000052031000 	E:\Program Files\MATLAB\R2013a\bin\win64\xerces-c_2_7.dll
0x00007fffdaf20000 - 0x00007fffdc337000 	C:\Windows\system32\SHELL32.dll
0x00007fffda5d0000 - 0x00007fffda748000 	C:\Windows\system32\ole32.dll
0x00007fffdc6e0000 - 0x00007fffdc797000 	C:\Windows\system32\OLEAUT32.dll
0x0000000075000000 - 0x00000000753b1000 	E:\Program Files\MATLAB\R2013a\bin\win64\iqm.dll
0x0000000079fb0000 - 0x0000000079fdf000 	E:\Program Files\MATLAB\R2013a\bin\win64\libmwbridge.dll
0x0000000004430000 - 0x0000000004454000 	E:\Program Files\MATLAB\R2013a\bin\win64\libmex.dll
0x0000000074e80000 - 0x0000000074f30000 	E:\Program Files\MATLAB\R2013a\bin\win64\m_dispatcher.dll
0x000000007b0a0000 - 0x000000007b2f6000 	E:\Program Files\MATLAB\R2013a\bin\win64\mcos.dll
0x0000000073cc0000 - 0x0000000073e0e000 	E:\Program Files\MATLAB\R2013a\bin\win64\libmwgui.dll
0x0000000004460000 - 0x0000000004da3000 	E:\Program Files\MATLAB\R2013a\bin\win64\hg.dll
0x0000000004db0000 - 0x0000000004e9b000 	E:\Program Files\MATLAB\R2013a\bin\win64\hgutils.dll
0x0000000004ea0000 - 0x00000000056a8000 	E:\Program Files\MATLAB\R2013a\bin\win64\m_interpreter.dll
0x0000000075710000 - 0x00000000757d8000 	E:\Program Files\MATLAB\R2013a\bin\win64\jmi.dll
0x00000000056b0000 - 0x000000000575e000 	E:\Program Files\MATLAB\R2013a\bin\win64\udd_mi.dll
0x0000000005760000 - 0x0000000005a2e000 	E:\Program Files\MATLAB\R2013a\bin\win64\uiw.dll
0x000000007a1f0000 - 0x000000007a20d000 	E:\Program Files\MATLAB\R2013a\bin\win64\mwoles05.DLL
0x0000000005a30000 - 0x0000000005a9c000 	E:\Program Files\MATLAB\R2013a\bin\win64\comcli.dll
0x0000000005aa0000 - 0x0000000005aac000 	E:\Program Files\MATLAB\R2013a\bin\win64\mlautoregister.dll
0x00007fffdc7a0000 - 0x00007fffdc8e5000 	C:\Windows\system32\GDI32.dll
0x0000000051dc0000 - 0x0000000051de5000 	E:\Program Files\MATLAB\R2013a\bin\win64\LIBEXPAT.dll
0x0000000051c30000 - 0x0000000051dba000 	E:\Program Files\MATLAB\R2013a\bin\win64\icuin49.dll
0x0000000050b00000 - 0x0000000051c22000 	E:\Program Files\MATLAB\R2013a\bin\win64\icudt49.dll
0x00007fffda750000 - 0x00007fffda7f7000 	C:\Windows\system32\msvcrt.dll
0x00007fffdac20000 - 0x00007fffdac77000 	C:\Windows\SYSTEM32\sechost.dll
0x00007fffda9c0000 - 0x00007fffdaaf6000 	C:\Windows\system32\RPCRT4.dll
0x00007fffbef40000 - 0x00007fffbef68000 	E:\Program Files\MATLAB\R2013a\bin\win64\tbbmalloc.dll
0x0000000050ae0000 - 0x0000000050af7000 	E:\Program Files\MATLAB\R2013a\bin\win64\zlib1.dll
0x00000000754d0000 - 0x0000000075547000 	E:\Program Files\MATLAB\R2013a\bin\win64\xmlcore.dll
0x00007fffdaec0000 - 0x00007fffdaf11000 	C:\Windows\system32\SHLWAPI.dll
0x00007fffd92c0000 - 0x00007fffd92cc000 	C:\Windows\SYSTEM32\netutils.dll
0x00007fffd9c80000 - 0x00007fffd9ca5000 	C:\Windows\SYSTEM32\srvcli.dll
0x00007fffd8460000 - 0x00007fffd8476000 	C:\Windows\SYSTEM32\wkscli.dll
0x00007fffdc8f0000 - 0x00007fffdc8f9000 	C:\Windows\system32\NSI.dll
0x00007fffdc500000 - 0x00007fffdc6d6000 	C:\Windows\SYSTEM32\combase.dll
0x0000000074f40000 - 0x0000000074ff6000 	E:\Program Files\MATLAB\R2013a\bin\win64\udd.dll
0x0000000005ae0000 - 0x0000000005b04000 	E:\Program Files\MATLAB\R2013a\bin\win64\graphics_util.dll
0x0000000076100000 - 0x000000007615a000 	E:\Program Files\MATLAB\R2013a\bin\win64\libmat.dll
0x00000000761c0000 - 0x0000000076200000 	E:\Program Files\MATLAB\R2013a\bin\win64\libmwhardcopy.dll
0x0000000075c70000 - 0x0000000075cce000 	E:\Program Files\MATLAB\R2013a\bin\win64\libuij.dll
0x0000000072f50000 - 0x000000007318f000 	E:\Program Files\MATLAB\R2013a\bin\win64\hgdatatypes.dll
0x0000000075820000 - 0x000000007589e000 	E:\Program Files\MATLAB\R2013a\bin\win64\libmwlapack.dll
0x0000000005b10000 - 0x0000000005b46000 	E:\Program Files\MATLAB\R2013a\bin\win64\libmwgbtutils.dll
0x0000000005b50000 - 0x0000000005b64000 	E:\Program Files\MATLAB\R2013a\bin\win64\libmwgbt.dll
0x0000000050580000 - 0x0000000050add000 	E:\Program Files\MATLAB\R2013a\bin\win64\mfc100.dll
0x00007fffd2910000 - 0x00007fffd298b000 	C:\Windows\SYSTEM32\WINSPOOL.DRV
0x0000000075430000 - 0x00000000754ab000 	E:\Program Files\MATLAB\R2013a\bin\win64\profiler.dll
0x0000000005b70000 - 0x0000000005df3000 	E:\Program Files\MATLAB\R2013a\bin\win64\libmwmathutil.dll
0x0000000079f40000 - 0x0000000079f66000 	E:\Program Files\MATLAB\R2013a\bin\win64\libmwmathrng.dll
0x000000007a1b0000 - 0x000000007a1d0000 	E:\Program Files\MATLAB\R2013a\bin\win64\m_pcodeio.dll
0x0000000079b10000 - 0x0000000079b6c000 	E:\Program Files\MATLAB\R2013a\bin\win64\m_ir.dll
0x0000000078ed0000 - 0x0000000079579000 	E:\Program Files\MATLAB\R2013a\bin\win64\m_parser.dll
0x000000007a130000 - 0x000000007a158000 	E:\Program Files\MATLAB\R2013a\bin\win64\m_pcodegen.dll
0x0000000005e00000 - 0x0000000005e63000 	E:\Program Files\MATLAB\R2013a\bin\win64\libmwspmatrix.dll
0x0000000005e70000 - 0x0000000005e7e000 	E:\Program Files\MATLAB\R2013a\bin\win64\nativejava_services.dll
0x0000000005e80000 - 0x0000000005e89000 	E:\Program Files\MATLAB\R2013a\bin\win64\uinone.dll
0x0000000005e90000 - 0x0000000005eb6000 	E:\Program Files\MATLAB\R2013a\bin\win64\libmwnativefiledialogs.dll
0x00007fffd1e30000 - 0x00007fffd1e4b000 	C:\Windows\SYSTEM32\MPR.dll
0x0000000050550000 - 0x000000005057b000 	E:\Program Files\MATLAB\R2013a\bin\win64\ATL100.DLL
0x00007fffbee80000 - 0x00007fffbef38000 	E:\Program Files\MATLAB\R2013a\bin\win64\libtex_base.dll
0x0000000072d30000 - 0x0000000072f38000 	E:\Program Files\MATLAB\R2013a\bin\win64\hdf5dll.dll
0x000000007a310000 - 0x000000007a325000 	E:\Program Files\MATLAB\R2013a\bin\win64\libmwbinder.dll
0x0000000005ee0000 - 0x0000000005eeb000 	E:\Program Files\MATLAB\R2013a\bin\win64\libmwompwrapper.dll
0x00007fffd7180000 - 0x00007fffd7187000 	C:\Windows\SYSTEM32\MSIMG32.dll
0x0000000005ef0000 - 0x0000000005f00000 	E:\Program Files\MATLAB\R2013a\bin\win64\libmwmfl_rng.dll
0x0000000074c10000 - 0x0000000074cf8000 	E:\Program Files\MATLAB\R2013a\bin\win64\libmwmathcore.dll
0x000000007a2f0000 - 0x000000007a307000 	E:\Program Files\MATLAB\R2013a\bin\win64\ir_xfmr.dll
0x0000000005f00000 - 0x0000000005f10000 	E:\Program Files\MATLAB\R2013a\bin\win64\mtok.dll
0x0000000005f10000 - 0x0000000005f1c000 	E:\Program Files\MATLAB\R2013a\bin\win64\libmwplatform_res.dll
0x00007fffd7cf0000 - 0x00007fffd7d8f000 	C:\Windows\SYSTEM32\SHCORE.DLL
0x0000000075ea0000 - 0x0000000075f02000 	E:\Program Files\MATLAB\R2013a\bin\win64\libmwcholmod.dll
0x0000000005f40000 - 0x0000000005f4d000 	E:\Program Files\MATLAB\R2013a\bin\win64\libmwamd.dll
0x0000000005f50000 - 0x0000000005f5c000 	E:\Program Files\MATLAB\R2013a\bin\win64\libmwcolamd.dll
0x000000007a290000 - 0x000000007a2a3000 	E:\Program Files\MATLAB\R2013a\bin\win64\libmwblas.dll
0x00000000504a0000 - 0x0000000050543000 	C:\Windows\WinSxS\amd64_microsoft.vc90.crt_1fc8b3b9a1e18e3b_9.0.30729.8387_none_08e793bfa83a89b5\MSVCR90.dll
0x00007fffdc340000 - 0x00007fffdc374000 	C:\Windows\system32\IMM32.DLL
0x00007fffdcaf0000 - 0x00007fffdcc29000 	C:\Windows\system32\MSCTF.dll
0x00007fffd8d20000 - 0x00007fffd8e41000 	C:\Windows\SYSTEM32\UxTheme.dll
0x00007fffd7b20000 - 0x00007fffd7b40000 	C:\Windows\system32\dwmapi.dll
0x0000000050490000 - 0x000000005049d000 	E:\Program Files\MATLAB\R2013a\bin\win64\MFC100ENU.DLL
0x0000000007b70000 - 0x0000000007bbe000 	E:\Program Files\MATLAB\R2013a\bin\win64\MVMLocal.dll
0x0000000078870000 - 0x0000000078ecd000 	E:\Program Files\MATLAB\R2013a\sys\java\jre\win64\jre\bin\server\jvm.dll
0x00007fffd0be0000 - 0x00007fffd0bff000 	C:\Windows\SYSTEM32\WINMM.dll
0x00007fffd07f0000 - 0x00007fffd081a000 	C:\Windows\SYSTEM32\WINMMBASE.dll
0x00007fffda4d0000 - 0x00007fffda51a000 	C:\Windows\SYSTEM32\cfgmgr32.dll

VM Arguments:
jvm_args: -XX:PermSize=32m -Xms64m -XX:NewRatio=3 -XX:MaxPermSize=128m -Xmx196m -XX:MaxDirectMemorySize=2147400000 -Dsun.java2d.noddraw=true -Dsun.awt.nopixfmt=true -Xshare:off -Xrs -Dsun.awt.disableMixing=true -Djava.library.path=E:\Program Files\MATLAB\R2013a\bin\win64;E:\Program Files\MATLAB\R2013a\sys\jxbrowser\win64\lib vfprintf abort 
java_command: <unknown>
Launcher Type: generic

Environment Variables:
PATH=C:\PROGRAM FILES (X86)\PC CONNECTIVITY SOLUTION\;C:\PROGRAMDATA\ORACLE\JAVA\JAVAPATH;C:\PYTHON27\;C:\WINDOWS\SYSTEM32;C:\WINDOWS;C:\WINDOWS\SYSTEM32\WBEM;C:\WINDOWS\SYSTEM32\WINDOWSPOWERSHELL\V1.0\;E:\PROGRAM FILES\MIKTEX 2.9\MIKTEX\BIN\X64\;C:\PROGRAM FILES (X86)\CODEBLOCKS\MINGW\BIN;C:\USERS\TOMMY\APPDATA\LOCAL\GITHUB\PORTABLEGIT_C2BA306E536FDF878271F7FE636A147FF37326AD\BIN;E:\PROGRAM FILES\MATLAB\R2013A\RUNTIME\WIN64;E:\PROGRAM FILES\MATLAB\R2013A\BIN;C:\PROGRAM FILES (X86)\GNUWIN32\BIN; C:\PROGRAM FILES (X86)\NOTEPAD++;C:\PROGRAM FILES (X86)\CMAKE\BIN;C:\Program Files (x86)\Windows Kits\8.1\Windows Performance Toolkit\;C:\Program Files\Microsoft SQL Server\110\Tools\Binn\;C:\Program Files (x86)\Microsoft SDKs\TypeScript\1.0\;C:\Program Files\Microsoft SQL Server\120\Tools\Binn\;E:\Essentials\K Lite\mplayer;E:\Programming\ffmpeg\bin;E:\Programming\OpenGL\freeglut\bin;E:\Programming\FreeImage\Dist\x32;C:\Program Files (x86)\Notepad++;C:\Program Files (x86)\Skype\Phone\;E:\UofA\Thesis\Code\TrackingFramework\scripts;G:\Program Files\MATLAB\R2016a\runtime\win64;G:\Program Files\MATLAB\R2016a\bin;G:\Program Files\MATLAB\R2016a\polyspace\bin;C:\Program Files (x86)\gs\gs8.63\bin;E:\Program Files\MiKTeX 2.9\miktex\bin\x64;C:\Program Files (x86)\XPDF\bin32;C:\Program Files (x86)\Windows Live\Shared
USERNAME=Tommy
OS=Windows_NT
PROCESSOR_IDENTIFIER=Intel64 Family 6 Model 58 Stepping 9, GenuineIntel



---------------  S Y S T E M  ---------------

OS: Windows NT 6.2 Build 9200 

CPU:total 4 (8 cores per cpu, 2 threads per core) family 6 model 58 stepping 9, cmov, cx8, fxsr, mmx, sse, sse2, sse3, ssse3, sse4.1, sse4.2, ht

Memory: 4k page, physical 16634788k(9880140k free), swap 25547684k(18551400k free)

vm_info: Java HotSpot(TM) 64-Bit Server VM (14.3-b01) for windows-amd64 JRE (1.6.0_17-b04), built on Oct 11 2009 00:46:08 by "java_re" with MS VC++ 8.0

time: Wed Nov 02 01:31:20 2016
elapsed time: 58221 seconds

