#
# A fatal error has been detected by the Java Runtime Environment:
#
#  EXCEPTION_ACCESS_VIOLATION (0xc0000005) at pc=0x00000000522ac750, pid=4024, tid=4280
#
# JRE version: 6.0_17-b04
# Java VM: Java HotSpot(TM) 64-Bit Server VM (14.3-b01 mixed mode windows-amd64 )
# Problematic frame:
# C  0x00000000522ac750
#
# If you would like to submit a bug report, please visit:
#   http://java.sun.com/webapps/bugreport/crash.jsp
# The crash happened outside the Java Virtual Machine in native code.
# See problematic frame for where to report the bug.
#

---------------  T H R E A D  ---------------

Current thread (0x00000000723e0000):  JavaThread "AWT-EventQueue-0" [_thread_in_native, id=4280, stack(0x00000000a3ff0000,0x00000000a7ff0000)]

siginfo: ExceptionCode=0xc0000005, reading address 0x0000000000000008

Registers:
EAX=0x000000000000000d, EBX=0x00000000723e01b8, ECX=0x0000000000000000, EDX=0x000000000d011a44
ESP=0x00000000a7fee0e8, EBP=0x000000007730e140, ESI=0x00000000723e01b8, EDI=0x000000007278d910
EIP=0x00000000522ac750, EFLAGS=0x0000000000010202

Top of Stack: (sp=0x00000000a7fee0e8)
0x00000000a7fee0e8:   000000005225589c 00000000723e01b8
0x00000000a7fee0f8:   000000007730e140 00000000723e01b8
0x00000000a7fee108:   000000007278d910 00000000a7fee150
0x00000000a7fee118:   00000000723e01b8 0000000035de6af8
0x00000000a7fee128:   0000000052233810 00000000723e01b8
0x00000000a7fee138:   00000000a7fee808 00000000a7fee880
0x00000000a7fee148:   000000007730e140 00000000430f6f78
0x00000000a7fee158:   0000000052252151 000000003221aa70
0x00000000a7fee168:   00000000a7fee878 0000000000000402
0x00000000a7fee178:   00000000a7fee880 000000003221aa78
0x00000000a7fee188:   0000000000000000 00000000a7fee1a8
0x00000000a7fee198:   00000000a7fee1f0 000000003c10b2d0
0x00000000a7fee1a8:   00000000430f6f78 00000000a7fee1b0
0x00000000a7fee1b8:   0000000031edadf0 00000000a7fee280
0x00000000a7fee1c8:   0000000039af10a8 00000000430f6d60
0x00000000a7fee1d8:   00000000a7fee1d8 00000000a7fee260 

Instructions: (pc=0x00000000522ac750)
0x00000000522ac740:   48 8b 41 08 48 8b 80 18 0c 00 00 c3 cc cc cc cc
0x00000000522ac750:   48 8b 49 08 48 85 c9 74 05 e9 72 f6 fd ff 33 c0 


Stack: [0x00000000a3ff0000,0x00000000a7ff0000],  sp=0x00000000a7fee0e8,  free space=65528k
Native frames: (J=compiled Java code, j=interpreted, Vv=VM code, C=native code)
C  0x00000000522ac750

Java frames: (J=compiled Java code, j=interpreted, Vv=VM code)
j  sun.java2d.windows.GDIBlitLoops.nativeBlit(Lsun/java2d/SurfaceData;Lsun/java2d/SurfaceData;Lsun/java2d/pipe/Region;IIIIIIIIIZ)V+0
j  sun.java2d.windows.GDIBlitLoops.Blit(Lsun/java2d/SurfaceData;Lsun/java2d/SurfaceData;Ljava/awt/Composite;Lsun/java2d/pipe/Region;IIIIII)V+33
j  sun.java2d.pipe.DrawImage.blitSurfaceData(Lsun/java2d/SunGraphics2D;Lsun/java2d/pipe/Region;Lsun/java2d/SurfaceData;Lsun/java2d/SurfaceData;Lsun/java2d/loops/SurfaceType;Lsun/java2d/loops/SurfaceType;IIIIIILjava/awt/Color;)V+97
j  sun.java2d.pipe.DrawImage.renderImageCopy(Lsun/java2d/SunGraphics2D;Ljava/awt/Image;Ljava/awt/Color;IIIIII)Z+75
j  sun.java2d.pipe.DrawImage.copyImage(Lsun/java2d/SunGraphics2D;Ljava/awt/Image;IILjava/awt/Color;)Z+45
j  sun.java2d.pipe.DrawImage.copyImage(Lsun/java2d/SunGraphics2D;Ljava/awt/Image;IILjava/awt/Color;Ljava/awt/image/ImageObserver;)Z+15
j  sun.java2d.pipe.ValidatePipe.copyImage(Lsun/java2d/SunGraphics2D;Ljava/awt/Image;IILjava/awt/Color;Ljava/awt/image/ImageObserver;)Z+21
j  sun.java2d.SunGraphics2D.drawImage(Ljava/awt/Image;IILjava/awt/Color;Ljava/awt/image/ImageObserver;)Z+18
j  sun.java2d.SunGraphics2D.drawImage(Ljava/awt/Image;IILjava/awt/image/ImageObserver;)Z+7
j  javax.swing.RepaintManager$PaintManager.paintDoubleBuffered(Ljavax/swing/JComponent;Ljava/awt/Image;Ljava/awt/Graphics;IIII)V+127
j  javax.swing.RepaintManager$PaintManager.paint(Ljavax/swing/JComponent;Ljavax/swing/JComponent;Ljava/awt/Graphics;IIII)Z+116
j  javax.swing.RepaintManager.paint(Ljavax/swing/JComponent;Ljavax/swing/JComponent;Ljava/awt/Graphics;IIII)V+52
j  javax.swing.JComponent.paint(Ljava/awt/Graphics;)V+225
j  java.awt.GraphicsCallback$PaintCallback.run(Ljava/awt/Component;Ljava/awt/Graphics;)V+2
j  sun.awt.SunGraphicsCallback.runOneComponent(Ljava/awt/Component;Ljava/awt/Rectangle;Ljava/awt/Graphics;Ljava/awt/Shape;I)V+155
j  sun.awt.SunGraphicsCallback.runComponents([Ljava/awt/Component;Ljava/awt/Graphics;I)V+104
j  java.awt.Container.paint(Ljava/awt/Graphics;)V+73
j  javax.swing.RepaintManager.paintDirtyRegions(Ljava/util/Map;)V+256
j  javax.swing.RepaintManager.paintDirtyRegions()V+46
j  javax.swing.RepaintManager.seqPaintDirtyRegions()V+73
j  javax.swing.SystemEventQueueUtilities$ComponentWorkRequest.run()V+36
j  java.awt.event.InvocationEvent.dispatch()V+47
j  java.awt.EventQueue.dispatchEvent(Ljava/awt/AWTEvent;)V+26
j  java.awt.EventDispatchThread.pumpOneEventForFilters(I)Z+204
j  java.awt.EventDispatchThread.pumpEventsForFilter(ILjava/awt/Conditional;Ljava/awt/EventFilter;)V+30
j  java.awt.EventDispatchThread.pumpEventsForHierarchy(ILjava/awt/Conditional;Ljava/awt/Component;)V+11
j  java.awt.EventDispatchThread.pumpEvents(ILjava/awt/Conditional;)V+4
j  java.awt.EventDispatchThread.pumpEvents(Ljava/awt/Conditional;)V+3
j  java.awt.EventDispatchThread.run()V+9
v  ~StubRoutines::call_stub

---------------  P R O C E S S  ---------------

Java Threads: ( => current thread )
  0x000000007690a000 JavaThread "Timer-2" daemon [_thread_blocked, id=452, stack(0x0000000130fc0000,0x0000000134fc0000)]
  0x0000000076905000 JavaThread "com.jniwrapper.NativeResourceCollector" daemon [_thread_blocked, id=440, stack(0x0000000118fc0000,0x000000011cfc0000)]
  0x000000007250c000 JavaThread "Code Analyzer updating thread" [_thread_blocked, id=5048, stack(0x00000000ffff0000,0x0000000103ff0000)]
  0x000000007250f000 JavaThread "Code Analyzer updating thread" [_thread_blocked, id=5040, stack(0x00000000fbff0000,0x00000000ffff0000)]
  0x000000007250b800 JavaThread "Code Analyzer updating thread" [_thread_blocked, id=5032, stack(0x00000000f7ff0000,0x00000000fbff0000)]
  0x000000007250e000 JavaThread "Code Analyzer updating thread" [_thread_blocked, id=5024, stack(0x00000000f3ff0000,0x00000000f7ff0000)]
  0x000000007250a800 JavaThread "Code Analyzer updating thread" [_thread_blocked, id=5012, stack(0x00000000efff0000,0x00000000f3ff0000)]
  0x000000007250d000 JavaThread "Code Analyzer updating thread" [_thread_blocked, id=5004, stack(0x00000000ebff0000,0x00000000efff0000)]
  0x000000007250d800 JavaThread "Code Analyzer updating thread" [_thread_blocked, id=4996, stack(0x00000000e7ff0000,0x00000000ebff0000)]
  0x00000000723e1800 JavaThread "Code Analyzer updating thread" [_thread_blocked, id=4988, stack(0x00000000e3ff0000,0x00000000e7ff0000)]
  0x0000000072423000 JavaThread "Code Analyzer updating thread" [_thread_blocked, id=4980, stack(0x00000000dfff0000,0x00000000e3ff0000)]
  0x0000000072422800 JavaThread "Code Analyzer updating thread" [_thread_blocked, id=4972, stack(0x00000000dbff0000,0x00000000dfff0000)]
  0x0000000072424800 JavaThread "Code Analyzer updating thread" [_thread_blocked, id=4960, stack(0x00000000d7ff0000,0x00000000dbff0000)]
  0x000000007241f000 JavaThread "Active Reference Queue Daemon" daemon [_thread_blocked, id=4952, stack(0x00000000d3ff0000,0x00000000d7ff0000)]
  0x0000000072421800 JavaThread "Timer-1" daemon [_thread_blocked, id=4948, stack(0x00000000cfff0000,0x00000000d3ff0000)]
  0x000000007241e000 JavaThread "ClipboardMonitor Timer" daemon [_thread_blocked, id=4940, stack(0x00000000abff0000,0x00000000afff0000)]
  0x000000007241d800 JavaThread "Explorer NavigationContext request queue" daemon [_thread_blocked, id=4888, stack(0x00000000bfff0000,0x00000000c3ff0000)]
  0x0000000072420000 JavaThread "AddressBar directory emptiness poller" daemon [_thread_blocked, id=4864, stack(0x00000000c7ff0000,0x00000000cbff0000)]
  0x00000000723e3000 JavaThread "Explorer Refresh Service 1387533633" daemon [_thread_blocked, id=4756, stack(0x00000000c3ff0000,0x00000000c7ff0000)]
  0x00000000723e0800 JavaThread "Thread-4" daemon [_thread_blocked, id=4524, stack(0x0000000093ff0000,0x0000000097ff0000)]
  0x00000000723e2000 JavaThread "TimerQueue" daemon [_thread_blocked, id=4296, stack(0x00000000afff0000,0x00000000b3ff0000)]
  0x00000000723e3800 JavaThread "Thread-3" daemon [_thread_blocked, id=4284, stack(0x00000000a7ff0000,0x00000000abff0000)]
=>0x00000000723e0000 JavaThread "AWT-EventQueue-0" [_thread_in_native, id=4280, stack(0x00000000a3ff0000,0x00000000a7ff0000)]
  0x00000000723dd000 JavaThread "AWT-Shutdown" [_thread_blocked, id=4276, stack(0x000000009bff0000,0x000000009fff0000)]
  0x00000000723dc800 JavaThread "FelixPackageAdmin" daemon [_thread_blocked, id=4256, stack(0x00000000bbff0000,0x00000000bfff0000)]
  0x00000000723dd800 JavaThread "FelixStartLevel" daemon [_thread_blocked, id=4252, stack(0x00000000b7ff0000,0x00000000bbff0000)]
  0x00000000723df000 JavaThread "FelixDispatchQueue" daemon [_thread_blocked, id=4248, stack(0x00000000b3ff0000,0x00000000b7ff0000)]
  0x0000000072060800 JavaThread "com.google.common.base.internal.Finalizer" daemon [_thread_blocked, id=4220, stack(0x000000009fff0000,0x00000000a3ff0000)]
  0x000000007205f000 JavaThread "AWT-Windows" daemon [_thread_in_native, id=4212, stack(0x0000000097ff0000,0x000000009bff0000)]
  0x0000000071e7a000 JavaThread "Java2D Disposer" daemon [_thread_blocked, id=4204, stack(0x000000008fff0000,0x0000000093ff0000)]
  0x0000000052afa000 JavaThread "Timer-0" [_thread_blocked, id=4196, stack(0x000000008bff0000,0x000000008fff0000)]
  0x0000000052f99000 JavaThread "EventMgr Dispatcher" daemon [_thread_in_native, id=4192, stack(0x0000000087ff0000,0x000000008bff0000)]
  0x0000000052089800 JavaThread "Low Memory Detector" daemon [_thread_blocked, id=4180, stack(0x000000007fff0000,0x0000000083ff0000)]
  0x0000000052085000 JavaThread "CompilerThread1" daemon [_thread_blocked, id=4176, stack(0x000000006d7c0000,0x00000000717c0000)]
  0x0000000052084000 JavaThread "CompilerThread0" daemon [_thread_blocked, id=4172, stack(0x00000000697c0000,0x000000006d7c0000)]
  0x0000000052083800 JavaThread "Attach Listener" daemon [_thread_blocked, id=4168, stack(0x00000000657c0000,0x00000000697c0000)]
  0x000000000a5f0800 JavaThread "Finalizer" daemon [_thread_blocked, id=4148, stack(0x00000000617c0000,0x00000000657c0000)]
  0x000000000a5e9800 JavaThread "Reference Handler" daemon [_thread_blocked, id=4144, stack(0x000000005d7c0000,0x00000000617c0000)]
  0x000000000a511000 JavaThread "main" [_thread_in_native, id=1576, stack(0x0000000000040000,0x0000000004040000)]

Other Threads:
  0x0000000052051800 VMThread [stack: 0x00000000597c0000,0x000000005d7c0000] [id=4140]
  0x00000000520ba800 WatcherThread [stack: 0x0000000083ff0000,0x0000000087ff0000] [id=4184]

VM state:not at safepoint (normal execution)

VM Mutex/Monitor currently owned by a thread: None

Heap
 PSYoungGen      total 15808K, used 3561K [0x0000000042de0000, 0x0000000043de0000, 0x0000000045ee0000)
  eden space 15232K, 20% used [0x0000000042de0000,0x00000000430fa708,0x0000000043cc0000)
  from space 576K, 66% used [0x0000000043cc0000,0x0000000043d20000,0x0000000043d50000)
  to   space 576K, 0% used [0x0000000043d50000,0x0000000043d50000,0x0000000043de0000)
 PSOldGen        total 136320K, used 134393K [0x0000000039ae0000, 0x0000000042000000, 0x0000000042de0000)
  object space 136320K, 98% used [0x0000000039ae0000,0x0000000041e1e7c0,0x0000000042000000)
 PSPermGen       total 111488K, used 68660K [0x0000000031ae0000, 0x00000000387c0000, 0x0000000039ae0000)
  object space 111488K, 61% used [0x0000000031ae0000,0x0000000035ded0b0,0x00000000387c0000)

Dynamic libraries:
0x0000000140000000 - 0x0000000140028000 	E:\Program Files\MATLAB\R2013a\bin\win64\MATLAB.exe
0x00007ff8914c0000 - 0x00007ff89166a000 	C:\Windows\SYSTEM32\ntdll.dll
0x00007ff88f1a0000 - 0x00007ff88f2da000 	C:\Windows\system32\KERNEL32.DLL
0x00007ff88e9b0000 - 0x00007ff88eac0000 	C:\Windows\system32\KERNELBASE.dll
0x0000000074460000 - 0x0000000074515000 	E:\Program Files\MATLAB\R2013a\bin\win64\libut.dll
0x0000000073f70000 - 0x0000000074112000 	E:\Program Files\MATLAB\R2013a\bin\win64\libmwfl.dll
0x0000000180000000 - 0x000000018032f000 	E:\Program Files\MATLAB\R2013a\bin\win64\libmwservices.dll
0x0000000074970000 - 0x0000000074a18000 	E:\Program Files\MATLAB\R2013a\bin\win64\mcr.dll
0x0000000004300000 - 0x0000000004456000 	E:\Program Files\MATLAB\R2013a\bin\win64\mvm.dll
0x0000000055720000 - 0x00000000557b8000 	E:\Program Files\MATLAB\R2013a\bin\win64\MSVCP100.dll
0x0000000055640000 - 0x0000000055712000 	E:\Program Files\MATLAB\R2013a\bin\win64\MSVCR100.dll
0x00000000758a0000 - 0x000000007595f000 	E:\Program Files\MATLAB\R2013a\bin\win64\libmwi18n.dll
0x0000000004110000 - 0x0000000004131000 	E:\Program Files\MATLAB\R2013a\bin\win64\libmwmfl_scalar.dll
0x0000000055630000 - 0x0000000055639000 	E:\Program Files\MATLAB\R2013a\bin\win64\boost_system-vc100-mt-1_49.dll
0x0000000055610000 - 0x0000000055621000 	E:\Program Files\MATLAB\R2013a\bin\win64\boost_thread-vc100-mt-1_49.dll
0x00007ff873790000 - 0x00007ff87381c000 	E:\Program Files\MATLAB\R2013a\bin\win64\boost_log-vc100-mt-1_49.dll
0x00000000554d0000 - 0x000000005560e000 	E:\Program Files\MATLAB\R2013a\bin\win64\icuuc49.dll
0x00000000554c0000 - 0x00000000554d0000 	E:\Program Files\MATLAB\R2013a\bin\win64\icuio49.dll
0x00007ff873750000 - 0x00007ff873783000 	E:\Program Files\MATLAB\R2013a\bin\win64\tbb.dll
0x00007ff88f670000 - 0x00007ff88f677000 	C:\Windows\system32\PSAPI.DLL
0x00007ff88bea0000 - 0x00007ff88c028000 	C:\Windows\SYSTEM32\dbghelp.dll
0x00007ff88ef20000 - 0x00007ff88efc5000 	C:\Windows\system32\ADVAPI32.dll
0x00007ff890f10000 - 0x00007ff891081000 	C:\Windows\system32\USER32.dll
0x0000000000020000 - 0x000000000002d000 	E:\Program Files\MATLAB\R2013a\bin\win64\libmwresource_core.dll
0x000000007a350000 - 0x000000007a737000 	E:\Program Files\MATLAB\R2013a\bin\win64\libmwMATLAB_res.dll
0x00000000554b0000 - 0x00000000554be000 	E:\Program Files\MATLAB\R2013a\bin\win64\boost_date_time-vc100-mt-1_49.dll
0x0000000055480000 - 0x00000000554ac000 	E:\Program Files\MATLAB\R2013a\bin\win64\boost_filesystem-vc100-mt-1_49.dll
0x00000000553a0000 - 0x000000005547f000 	E:\Program Files\MATLAB\R2013a\bin\win64\boost_regex-vc100-mt-1_49.dll
0x0000000055380000 - 0x0000000055391000 	E:\Program Files\MATLAB\R2013a\bin\win64\boost_signals-vc100-mt-1_49.dll
0x00007ff88f4d0000 - 0x00007ff88f4e5000 	C:\Windows\system32\imagehlp.dll
0x00007ff88dee0000 - 0x00007ff88df25000 	C:\Windows\SYSTEM32\POWRPROF.dll
0x0000000075a20000 - 0x0000000075b0b000 	E:\Program Files\MATLAB\R2013a\bin\win64\libmx.dll
0x0000000004140000 - 0x000000000418e000 	E:\Program Files\MATLAB\R2013a\bin\win64\libmwregexp.dll
0x0000000075f10000 - 0x0000000075f57000 	E:\Program Files\MATLAB\R2013a\bin\win64\mpath.dll
0x000000007b680000 - 0x000000007bc66000 	E:\Program Files\MATLAB\R2013a\bin\win64\mlutil.dll
0x0000000004190000 - 0x00000000041b2000 	E:\Program Files\MATLAB\R2013a\bin\win64\libmwMATLAB_settings_res.dll
0x00000000041c0000 - 0x00000000041c6000 	E:\Program Files\MATLAB\R2013a\bin\win64\libmwnativedisplay.dll
0x00007ff8808f0000 - 0x00007ff880900000 	E:\Program Files\MATLAB\R2013a\bin\win64\boost_iostreams-vc100-mt-1_49.dll
0x00007ff873700000 - 0x00007ff873746000 	E:\Program Files\MATLAB\R2013a\bin\win64\boost_serialization-vc100-mt-1_49.dll
0x00007ff88e900000 - 0x00007ff88e9a1000 	C:\Windows\WinSxS\amd64_microsoft.windows.common-controls_6595b64144ccf1df_5.82.9600.16384_none_34a8918f959016ea\COMCTL32.dll
0x00007ff88f2e0000 - 0x00007ff88f37a000 	C:\Windows\system32\COMDLG32.dll
0x00007ff88a0f0000 - 0x00007ff88a105000 	C:\Windows\SYSTEM32\NETAPI32.dll
0x00007ff88f800000 - 0x00007ff88f858000 	C:\Windows\system32\WS2_32.dll
0x0000000055130000 - 0x0000000055371000 	E:\Program Files\MATLAB\R2013a\bin\win64\xerces-c_2_7.dll
0x00007ff88faf0000 - 0x00007ff890f07000 	C:\Windows\system32\SHELL32.dll
0x00007ff88f4f0000 - 0x00007ff88f668000 	C:\Windows\system32\ole32.dll
0x00007ff8911b0000 - 0x00007ff891267000 	C:\Windows\system32\OLEAUT32.dll
0x0000000075000000 - 0x00000000753b1000 	E:\Program Files\MATLAB\R2013a\bin\win64\iqm.dll
0x0000000079fb0000 - 0x0000000079fdf000 	E:\Program Files\MATLAB\R2013a\bin\win64\libmwbridge.dll
0x00000000041d0000 - 0x00000000041f4000 	E:\Program Files\MATLAB\R2013a\bin\win64\libmex.dll
0x0000000074e80000 - 0x0000000074f30000 	E:\Program Files\MATLAB\R2013a\bin\win64\m_dispatcher.dll
0x000000007b0a0000 - 0x000000007b2f6000 	E:\Program Files\MATLAB\R2013a\bin\win64\mcos.dll
0x0000000073cc0000 - 0x0000000073e0e000 	E:\Program Files\MATLAB\R2013a\bin\win64\libmwgui.dll
0x0000000004460000 - 0x0000000004da3000 	E:\Program Files\MATLAB\R2013a\bin\win64\hg.dll
0x0000000004db0000 - 0x0000000004e9b000 	E:\Program Files\MATLAB\R2013a\bin\win64\hgutils.dll
0x0000000004ea0000 - 0x00000000056a8000 	E:\Program Files\MATLAB\R2013a\bin\win64\m_interpreter.dll
0x0000000075710000 - 0x00000000757d8000 	E:\Program Files\MATLAB\R2013a\bin\win64\jmi.dll
0x00000000056b0000 - 0x000000000575e000 	E:\Program Files\MATLAB\R2013a\bin\win64\udd_mi.dll
0x0000000005760000 - 0x0000000005a2e000 	E:\Program Files\MATLAB\R2013a\bin\win64\uiw.dll
0x000000007a1f0000 - 0x000000007a20d000 	E:\Program Files\MATLAB\R2013a\bin\win64\mwoles05.DLL
0x0000000005a30000 - 0x0000000005a9c000 	E:\Program Files\MATLAB\R2013a\bin\win64\comcli.dll
0x0000000005aa0000 - 0x0000000005aac000 	E:\Program Files\MATLAB\R2013a\bin\win64\mlautoregister.dll
0x00007ff88f380000 - 0x00007ff88f4c5000 	C:\Windows\system32\GDI32.dll
0x0000000055100000 - 0x0000000055125000 	E:\Program Files\MATLAB\R2013a\bin\win64\LIBEXPAT.dll
0x0000000054f70000 - 0x00000000550fa000 	E:\Program Files\MATLAB\R2013a\bin\win64\icuin49.dll
0x0000000053e40000 - 0x0000000054f62000 	E:\Program Files\MATLAB\R2013a\bin\win64\icudt49.dll
0x00007ff88fa40000 - 0x00007ff88fae7000 	C:\Windows\system32\msvcrt.dll
0x00007ff891150000 - 0x00007ff8911a7000 	C:\Windows\SYSTEM32\sechost.dll
0x00007ff88f680000 - 0x00007ff88f7b6000 	C:\Windows\system32\RPCRT4.dll
0x00007ff8736d0000 - 0x00007ff8736f8000 	E:\Program Files\MATLAB\R2013a\bin\win64\tbbmalloc.dll
0x0000000053e20000 - 0x0000000053e37000 	E:\Program Files\MATLAB\R2013a\bin\win64\zlib1.dll
0x00000000754d0000 - 0x0000000075547000 	E:\Program Files\MATLAB\R2013a\bin\win64\xmlcore.dll
0x00007ff8913b0000 - 0x00007ff891401000 	C:\Windows\system32\SHLWAPI.dll
0x00007ff88dae0000 - 0x00007ff88daec000 	C:\Windows\SYSTEM32\netutils.dll
0x00007ff88e440000 - 0x00007ff88e465000 	C:\Windows\SYSTEM32\srvcli.dll
0x00007ff88a0b0000 - 0x00007ff88a0c6000 	C:\Windows\SYSTEM32\wkscli.dll
0x00007ff88f180000 - 0x00007ff88f189000 	C:\Windows\system32\NSI.dll
0x00007ff88ed40000 - 0x00007ff88ef16000 	C:\Windows\SYSTEM32\combase.dll
0x0000000074f40000 - 0x0000000074ff6000 	E:\Program Files\MATLAB\R2013a\bin\win64\udd.dll
0x0000000005ae0000 - 0x0000000005b04000 	E:\Program Files\MATLAB\R2013a\bin\win64\graphics_util.dll
0x0000000076100000 - 0x000000007615a000 	E:\Program Files\MATLAB\R2013a\bin\win64\libmat.dll
0x00000000761c0000 - 0x0000000076200000 	E:\Program Files\MATLAB\R2013a\bin\win64\libmwhardcopy.dll
0x0000000075c70000 - 0x0000000075cce000 	E:\Program Files\MATLAB\R2013a\bin\win64\libuij.dll
0x0000000072f50000 - 0x000000007318f000 	E:\Program Files\MATLAB\R2013a\bin\win64\hgdatatypes.dll
0x0000000075820000 - 0x000000007589e000 	E:\Program Files\MATLAB\R2013a\bin\win64\libmwlapack.dll
0x0000000005b10000 - 0x0000000005b46000 	E:\Program Files\MATLAB\R2013a\bin\win64\libmwgbtutils.dll
0x0000000005b50000 - 0x0000000005b64000 	E:\Program Files\MATLAB\R2013a\bin\win64\libmwgbt.dll
0x00000000538c0000 - 0x0000000053e1d000 	E:\Program Files\MATLAB\R2013a\bin\win64\mfc100.dll
0x00007ff887730000 - 0x00007ff8877ab000 	C:\Windows\SYSTEM32\WINSPOOL.DRV
0x0000000075430000 - 0x00000000754ab000 	E:\Program Files\MATLAB\R2013a\bin\win64\profiler.dll
0x0000000005b70000 - 0x0000000005df3000 	E:\Program Files\MATLAB\R2013a\bin\win64\libmwmathutil.dll
0x0000000079f40000 - 0x0000000079f66000 	E:\Program Files\MATLAB\R2013a\bin\win64\libmwmathrng.dll
0x000000007a1b0000 - 0x000000007a1d0000 	E:\Program Files\MATLAB\R2013a\bin\win64\m_pcodeio.dll
0x0000000079b10000 - 0x0000000079b6c000 	E:\Program Files\MATLAB\R2013a\bin\win64\m_ir.dll
0x0000000078ed0000 - 0x0000000079579000 	E:\Program Files\MATLAB\R2013a\bin\win64\m_parser.dll
0x000000007a130000 - 0x000000007a158000 	E:\Program Files\MATLAB\R2013a\bin\win64\m_pcodegen.dll
0x0000000005e00000 - 0x0000000005e63000 	E:\Program Files\MATLAB\R2013a\bin\win64\libmwspmatrix.dll
0x0000000005e70000 - 0x0000000005e7e000 	E:\Program Files\MATLAB\R2013a\bin\win64\nativejava_services.dll
0x0000000005e80000 - 0x0000000005e89000 	E:\Program Files\MATLAB\R2013a\bin\win64\uinone.dll
0x0000000005e90000 - 0x0000000005eb6000 	E:\Program Files\MATLAB\R2013a\bin\win64\libmwnativefiledialogs.dll
0x00007ff886460000 - 0x00007ff88647b000 	C:\Windows\SYSTEM32\MPR.dll
0x0000000053890000 - 0x00000000538bb000 	E:\Program Files\MATLAB\R2013a\bin\win64\ATL100.DLL
0x00007ff873610000 - 0x00007ff8736c8000 	E:\Program Files\MATLAB\R2013a\bin\win64\libtex_base.dll
0x0000000072d30000 - 0x0000000072f38000 	E:\Program Files\MATLAB\R2013a\bin\win64\hdf5dll.dll
0x000000007a310000 - 0x000000007a325000 	E:\Program Files\MATLAB\R2013a\bin\win64\libmwbinder.dll
0x0000000005ee0000 - 0x0000000005eeb000 	E:\Program Files\MATLAB\R2013a\bin\win64\libmwompwrapper.dll
0x00007ff88a460000 - 0x00007ff88a467000 	C:\Windows\SYSTEM32\MSIMG32.dll
0x0000000005ef0000 - 0x0000000005f00000 	E:\Program Files\MATLAB\R2013a\bin\win64\libmwmfl_rng.dll
0x0000000074c10000 - 0x0000000074cf8000 	E:\Program Files\MATLAB\R2013a\bin\win64\libmwmathcore.dll
0x000000007a2f0000 - 0x000000007a307000 	E:\Program Files\MATLAB\R2013a\bin\win64\ir_xfmr.dll
0x0000000005f00000 - 0x0000000005f10000 	E:\Program Files\MATLAB\R2013a\bin\win64\mtok.dll
0x0000000005f10000 - 0x0000000005f1c000 	E:\Program Files\MATLAB\R2013a\bin\win64\libmwplatform_res.dll
0x00007ff88c770000 - 0x00007ff88c80f000 	C:\Windows\SYSTEM32\SHCORE.DLL
0x0000000075ea0000 - 0x0000000075f02000 	E:\Program Files\MATLAB\R2013a\bin\win64\libmwcholmod.dll
0x0000000005f40000 - 0x0000000005f4d000 	E:\Program Files\MATLAB\R2013a\bin\win64\libmwamd.dll
0x0000000005f50000 - 0x0000000005f5c000 	E:\Program Files\MATLAB\R2013a\bin\win64\libmwcolamd.dll
0x000000007a290000 - 0x000000007a2a3000 	E:\Program Files\MATLAB\R2013a\bin\win64\libmwblas.dll
0x00000000537e0000 - 0x0000000053883000 	C:\Windows\WinSxS\amd64_microsoft.vc90.crt_1fc8b3b9a1e18e3b_9.0.30729.8387_none_08e793bfa83a89b5\MSVCR90.dll
0x00007ff88f7c0000 - 0x00007ff88f7f4000 	C:\Windows\system32\IMM32.DLL
0x00007ff891270000 - 0x00007ff8913a9000 	C:\Windows\system32\MSCTF.dll
0x00007ff88d510000 - 0x00007ff88d631000 	C:\Windows\SYSTEM32\UxTheme.dll
0x00007ff88c5a0000 - 0x00007ff88c5c0000 	C:\Windows\system32\dwmapi.dll
0x00000000537d0000 - 0x00000000537dd000 	E:\Program Files\MATLAB\R2013a\bin\win64\MFC100ENU.DLL
0x0000000007cd0000 - 0x0000000007d1e000 	E:\Program Files\MATLAB\R2013a\bin\win64\MVMLocal.dll
0x0000000078870000 - 0x0000000078ecd000 	E:\Program Files\MATLAB\R2013a\sys\java\jre\win64\jre\bin\server\jvm.dll
0x00007ff886160000 - 0x00007ff88617f000 	C:\Windows\SYSTEM32\WINMM.dll
0x00007ff886070000 - 0x00007ff88609a000 	C:\Windows\SYSTEM32\WINMMBASE.dll
0x00007ff88eca0000 - 0x00007ff88ecea000 	C:\Windows\SYSTEM32\cfgmgr32.dll

VM Arguments:
jvm_args: -XX:PermSize=32m -Xms64m -XX:NewRatio=3 -XX:MaxPermSize=128m -Xmx196m -XX:MaxDirectMemorySize=2147400000 -Dsun.java2d.noddraw=true -Dsun.awt.nopixfmt=true -Xshare:off -Xrs -Dsun.awt.disableMixing=true -Djava.library.path=E:\Program Files\MATLAB\R2013a\bin\win64;E:\Program Files\MATLAB\R2013a\sys\jxbrowser\win64\lib vfprintf abort 
java_command: <unknown>
Launcher Type: generic

Environment Variables:
PATH=C:\PROGRAM FILES (X86)\PC CONNECTIVITY SOLUTION\;C:\PROGRAMDATA\ORACLE\JAVA\JAVAPATH;C:\PYTHON27\;C:\WINDOWS\SYSTEM32;C:\WINDOWS;C:\WINDOWS\SYSTEM32\WBEM;C:\WINDOWS\SYSTEM32\WINDOWSPOWERSHELL\V1.0\;E:\PROGRAM FILES\MIKTEX 2.9\MIKTEX\BIN\X64\;C:\PROGRAM FILES (X86)\CODEBLOCKS\MINGW\BIN;C:\USERS\TOMMY\APPDATA\LOCAL\GITHUB\PORTABLEGIT_C2BA306E536FDF878271F7FE636A147FF37326AD\BIN;E:\PROGRAM FILES\MATLAB\R2013A\RUNTIME\WIN64;E:\PROGRAM FILES\MATLAB\R2013A\BIN;C:\PROGRAM FILES (X86)\GNUWIN32\BIN; C:\PROGRAM FILES (X86)\NOTEPAD++;C:\PROGRAM FILES (X86)\CMAKE\BIN;C:\Program Files (x86)\Windows Kits\8.1\Windows Performance Toolkit\;C:\Program Files\Microsoft SQL Server\110\Tools\Binn\;C:\Program Files (x86)\Microsoft SDKs\TypeScript\1.0\;C:\Program Files\Microsoft SQL Server\120\Tools\Binn\;E:\Essentials\K Lite\mplayer;E:\Programming\ffmpeg\bin;E:\Programming\OpenGL\freeglut\bin;E:\Programming\FreeImage\Dist\x32;C:\Program Files (x86)\Notepad++;C:\Program Files (x86)\Skype\Phone\;E:\UofA\Thesis\Code\TrackingFramework\scripts;G:\Program Files\MATLAB\R2016a\runtime\win64;G:\Program Files\MATLAB\R2016a\bin;G:\Program Files\MATLAB\R2016a\polyspace\bin;C:\Program Files (x86)\gs\gs8.63\bin;E:\Program Files\MiKTeX 2.9\miktex\bin\x64;C:\Program Files (x86)\XPDF\bin32;C:\Windows\system32\wbem;C:\Program Files (x86)\IVT Corporation\BlueSoleil\Mobile
USERNAME=Tommy
OS=Windows_NT
PROCESSOR_IDENTIFIER=Intel64 Family 6 Model 58 Stepping 9, GenuineIntel



---------------  S Y S T E M  ---------------

OS: Windows NT 6.2 Build 9200 

CPU:total 4 (8 cores per cpu, 2 threads per core) family 6 model 58 stepping 9, cmov, cx8, fxsr, mmx, sse, sse2, sse3, ssse3, sse4.1, sse4.2, ht

Memory: 4k page, physical 16634788k(8678728k free), swap 25547684k(16731184k free)

vm_info: Java HotSpot(TM) 64-Bit Server VM (14.3-b01) for windows-amd64 JRE (1.6.0_17-b04), built on Oct 11 2009 00:46:08 by "java_re" with MS VC++ 8.0

time: Sat Jul 16 20:50:53 2016
elapsed time: 50487 seconds

